#
# A fatal error has been detected by the Java Runtime Environment:
#
#  EXCEPTION_ACCESS_VIOLATION (0xc0000005) at pc=0x0000000180005b00, pid=10804, tid=8076
#
# JRE version: OpenJDK Runtime Environment (19.0.2+7) (build 19.0.2+7-44)
# Java VM: OpenJDK 64-Bit Server VM (19.0.2+7-44, mixed mode, sharing, tiered, compressed oops, compressed class ptrs, g1 gc, windows-amd64)
# Problematic frame:
# C  [rxtxSerial.dll+0x5b00]
#
# No core dump will be written. Minidumps are not enabled by default on client versions of Windows
#
# If you would like to submit a bug report, please visit:
#   https://bugreport.java.com/bugreport/crash.jsp
# The crash happened outside the Java Virtual Machine in native code.
# See problematic frame for where to report the bug.
#

---------------  S U M M A R Y ------------

Command Line: --module-path=C:\Java\javafx-sdk-19.0.2.1/lib --add-modules=javafx.controls,javafx.fxml -Djava.library.path=C:\Users\brayn\OneDrive\Desktop\Minesweeper\mfz-rxtx-2.2-20081207-win-x64\mfz-rxtx-2.2-20081207-win-x64 -javaagent:C:\Program Files\JetBrains\IntelliJ IDEA 2022.3.2\lib\idea_rt.jar=61807:C:\Program Files\JetBrains\IntelliJ IDEA 2022.3.2\bin -Dfile.encoding=UTF-8 -Dsun.stdout.encoding=UTF-8 -Dsun.stderr.encoding=UTF-8 Main

Host: Intel(R) Core(TM) i5-9300H CPU @ 2.40GHz, 8 cores, 15G,  Windows 11 , 64 bit Build 22621 (10.0.22621.1344)
Time: Wed Apr  5 21:51:59 2023 Hora estándar, América Central elapsed time: 3.667561 seconds (0d 0h 0m 3s)

---------------  T H R E A D  ---------------

Current thread (0x000001db9a5e3630):  JavaThread "Thread-5" [_thread_in_native, id=8076, stack(0x0000000984400000,0x0000000984500000)]

Stack: [0x0000000984400000,0x0000000984500000],  sp=0x00000009844ff190,  free space=1020k
Native frames: (J=compiled Java code, j=interpreted, Vv=VM code, C=native code)
C  [rxtxSerial.dll+0x5b00]

Java frames: (J=compiled Java code, j=interpreted, Vv=VM code)
j  gnu.io.RXTXPort.readArray([BII)I+0
j  gnu.io.RXTXPort$SerialInputStream.read([BII)I+212
j  gnu.io.RXTXPort$SerialInputStream.read([B)I+60
j  SerialReader.run()V+13
j  java.lang.Thread.run()V+13 java.base@19.0.2
v  ~StubRoutines::call_stub 0x000001db8753100e

siginfo: EXCEPTION_ACCESS_VIOLATION (0xc0000005), reading address 0xffffffff843ff288


Registers:
RAX=0x0000000000000001, RBX=0x0000000000000000, RCX=0x000000018001d4d5, RDX=0xfffffffffffff665
RSP=0x00000009844ff190, RBP=0x00000000ffffffff, RSI=0x0000000000000000, RDI=0x000001db9a5e3910
R8 =0x0000000000000002, R9 =0xfffffffffffff63c, R10=0x00007ff8e36e6230, R11=0x8101010101010100
R12=0xffffffff843ff280, R13=0x0000000000000001, R14=0x00000009844ff380, R15=0x0000000000000000
RIP=0x0000000180005b00, EFLAGS=0x0000000000010202


Register to memory mapping:

RIP=0x0000000180005b00 rxtxSerial.dll
RAX=0x0000000000000001 is an unknown value
RBX=0x0 is NULL
RCX=0x000000018001d4d5 rxtxSerial.dll
RDX=0xfffffffffffff665 is an unknown value
RSP=0x00000009844ff190 is pointing into the stack for thread: 0x000001db9a5e3630
RBP=0x00000000ffffffff is an unknown value
RSI=0x0 is NULL
RDI=0x000001db9a5e3910 points into unknown readable memory: 0x00007ff8e364f9a0 | a0 f9 64 e3 f8 7f 00 00
R8 =0x0000000000000002 is an unknown value
R9 =0xfffffffffffff63c is an unknown value
R10=0x00007ff8e36e6230 jvm.dll
R11=0x8101010101010100 is an unknown value
R12=0xffffffff843ff280 is an unknown value
R13=0x0000000000000001 is an unknown value
R14=0x00000009844ff380 is pointing into the stack for thread: 0x000001db9a5e3630
R15=0x0 is NULL


Top of Stack: (sp=0x00000009844ff190)
0x00000009844ff190:   0000000000000000 0000000000000000
0x00000009844ff1a0:   0000000000000000 00007ff8e2f31d7f
0x00000009844ff1b0:   0000000000000000 00000009844ff380
0x00000009844ff1c0:   000001db96456548 0000000000000001
0x00000009844ff1d0:   000001db9a5e3910 0000000000000001
0x00000009844ff1e0:   ffffffffffffffff 0000000180006211
0x00000009844ff1f0:   000001db9a4ee590 00000009844ff380
0x00000009844ff200:   0000000000000001 000001db9a4ee590
0x00000009844ff210:   000001db00000001 00000009ffffffff
0x00000009844ff220:   00000009844ff388 000001db8754b8aa
0x00000009844ff230:   000001db8754b8aa 000001db96456548
0x00000009844ff240:   00000009844ff350 00007ff8e2ecd095
0x00000009844ff250:   000001db8754b8aa 00000000000155b4
0x00000009844ff260:   000001db9a5e3630 000069c1c8be635f
0x00000009844ff270:   000001db96456550 000001db96456548
0x00000009844ff280:   000001db9a5e3630 00000009844ff388 

Instructions: (pc=0x0000000180005b00)
0x0000000180005a00:   5d c3 cc cc cc cc cc cc cc cc cc cc cc cc cc cc
0x0000000180005a10:   48 89 5c 24 08 4c 89 4c 24 20 44 89 44 24 18 55
0x0000000180005a20:   56 57 41 54 41 55 41 56 41 57 48 83 ec 20 48 8b
0x0000000180005a30:   2a 48 8b 01 33 db 48 8b d5 48 8b f9 44 8b fb 8b
0x0000000180005a40:   f3 ff 90 f8 00 00 00 4c 8d 0d 9e 70 01 00 4c 8b
0x0000000180005a50:   e0 48 8b 07 4c 8d 05 b5 70 01 00 49 8b d4 48 8b
0x0000000180005a60:   cf ff 90 f0 02 00 00 48 8b cf 4c 8b c0 48 85 c0
0x0000000180005a70:   48 8b 07 75 28 ff 90 80 00 00 00 4c 8b 1f 48 8b
0x0000000180005a80:   cf 41 ff 93 88 00 00 00 4c 8b 1f 49 8b d4 48 8b
0x0000000180005a90:   cf 41 ff 93 b8 00 00 00 4c 8b e3 eb 54 48 8b d5
0x0000000180005aa0:   ff 90 20 03 00 00 49 8b d4 48 8b cf 48 63 e8 48
0x0000000180005ab0:   8b 07 ff 90 b8 00 00 00 48 8d 15 51 70 01 00 48
0x0000000180005ac0:   8d 0d 0e 7a 01 00 41 b8 02 00 00 00 e8 6f 62 00
0x0000000180005ad0:   00 85 c0 75 19 85 ed 75 15 e8 c2 5e 00 00 48 8d
0x0000000180005ae0:   15 23 7a 01 00 48 8d 48 60 e8 3a 5d 00 00 4c 8b
0x0000000180005af0:   e5 8b ac 24 88 00 00 00 44 8b ac 24 80 00 00 00
0x0000000180005b00:   45 8b 74 24 08 41 89 5c 24 08 41 8b fd 85 ed 78
0x0000000180005b10:   09 ff 15 e9 14 01 00 44 8b f8 45 85 ed 7e 4a 90
0x0000000180005b20:   8b c6 ff c6 83 f8 14 7d 40 85 ed 78 0d ff 15 cd
0x0000000180005b30:   14 01 00 41 2b c7 3b c5 7d 2f 8b 4c 24 70 48 63
0x0000000180005b40:   d3 44 8b c7 48 03 54 24 78 e8 a2 31 00 00 85 c0
0x0000000180005b50:   78 33 74 06 03 d8 2b f8 eb 0a b9 e8 03 00 00 e8
0x0000000180005b60:   1c 1c 00 00 41 3b dd 7c b7 8b c3 45 89 74 24 08
0x0000000180005b70:   48 8b 5c 24 60 48 83 c4 20 41 5f 41 5e 41 5d 41
0x0000000180005b80:   5c 5f 5e 5d c3 e8 1e 61 00 00 83 38 04 74 05 e8
0x0000000180005b90:   14 61 00 00 83 c8 ff eb d2 cc cc cc cc cc cc cc
0x0000000180005ba0:   40 53 55 56 57 41 54 41 55 48 81 ec b8 00 00 00
0x0000000180005bb0:   48 8b 05 71 85 01 00 48 33 c4 48 89 84 24 a0 00
0x0000000180005bc0:   00 00 48 8b 01 45 8b e9 41 8b f8 48 8b f2 48 8b
0x0000000180005bd0:   d9 ff 90 f8 00 00 00 4c 8b 13 4c 8d 0d 33 6f 01
0x0000000180005be0:   00 4c 8d 05 7c 6f 01 00 48 8b d0 48 8b cb 4c 8b
0x0000000180005bf0:   e0 41 ff 92 f0 02 00 00 33 ed 48 8b cb 4c 8b c0 


Stack slot to memory mapping:
stack at sp + 0 slots: 0x0 is NULL
stack at sp + 1 slots: 0x0 is NULL
stack at sp + 2 slots: 0x0 is NULL
stack at sp + 3 slots: 0x00007ff8e2f31d7f jvm.dll
stack at sp + 4 slots: 0x0 is NULL
stack at sp + 5 slots: 0x00000009844ff380 is pointing into the stack for thread: 0x000001db9a5e3630
stack at sp + 6 slots: 0x000001db96456548 is pointing into metadata
stack at sp + 7 slots: 0x0000000000000001 is an unknown value


---------------  P R O C E S S  ---------------

Threads class SMR info:
_java_thread_list=0x000001db9af96ed0, length=27, elements={
0x000001dbf23787d0, 0x000001db95363cf0, 0x000001db95364820, 0x000001db9536b4e0,
0x000001db9536be10, 0x000001db9536e750, 0x000001db9536f080, 0x000001db953751f0,
0x000001db99938090, 0x000001db999611e0, 0x000001db99a480f0, 0x000001db9a249ff0,
0x000001db9a144c40, 0x000001db9a1a8780, 0x000001db9a1295e0, 0x000001db9a329320,
0x000001db9a11d160, 0x000001db999583b0, 0x000001db9a5e1ba0, 0x000001db9a5e30e0,
0x000001db9a5e2b90, 0x000001db9afa8ec0, 0x000001db9a5e20f0, 0x000001db9a5e3630,
0x000001db9a5e50c0, 0x000001db9a5e2640, 0x000001db9a7fe240
}

Java Threads: ( => current thread )
  0x000001dbf23787d0 JavaThread "main" [_thread_blocked, id=11520, stack(0x0000000981a00000,0x0000000981b00000)]
  0x000001db95363cf0 JavaThread "Reference Handler" daemon [_thread_blocked, id=16076, stack(0x0000000982100000,0x0000000982200000)]
  0x000001db95364820 JavaThread "Finalizer" daemon [_thread_blocked, id=17652, stack(0x0000000982200000,0x0000000982300000)]
  0x000001db9536b4e0 JavaThread "Signal Dispatcher" daemon [_thread_blocked, id=12552, stack(0x0000000982300000,0x0000000982400000)]
  0x000001db9536be10 JavaThread "Attach Listener" daemon [_thread_blocked, id=4784, stack(0x0000000982400000,0x0000000982500000)]
  0x000001db9536e750 JavaThread "Service Thread" daemon [_thread_blocked, id=7356, stack(0x0000000982500000,0x0000000982600000)]
  0x000001db9536f080 JavaThread "Monitor Deflation Thread" daemon [_thread_blocked, id=12820, stack(0x0000000982600000,0x0000000982700000)]
  0x000001db953751f0 JavaThread "C2 CompilerThread0" daemon [_thread_blocked, id=4560, stack(0x0000000982700000,0x0000000982800000)]
  0x000001db99938090 JavaThread "C1 CompilerThread0" daemon [_thread_blocked, id=14168, stack(0x0000000982800000,0x0000000982900000)]
  0x000001db999611e0 JavaThread "Sweeper thread" daemon [_thread_blocked, id=16768, stack(0x0000000982900000,0x0000000982a00000)]
  0x000001db99a480f0 JavaThread "Common-Cleaner" daemon [_thread_blocked, id=956, stack(0x0000000982a00000,0x0000000982b00000)]
  0x000001db9a249ff0 JavaThread "Monitor Ctrl-Break" daemon [_thread_in_native, id=10196, stack(0x0000000982d00000,0x0000000982e00000)]
  0x000001db9a144c40 JavaThread "Notification Thread" daemon [_thread_blocked, id=5316, stack(0x0000000982e00000,0x0000000982f00000)]
  0x000001db9a1a8780 JavaThread "QuantumRenderer-0" daemon [_thread_blocked, id=12480, stack(0x0000000983000000,0x0000000983100000)]
  0x000001db9a1295e0 JavaThread "InvokeLaterDispatcher" daemon [_thread_blocked, id=17636, stack(0x0000000983100000,0x0000000983200000)]
  0x000001db9a329320 JavaThread "JavaFX Application Thread" [_thread_in_native, id=5984, stack(0x0000000983200000,0x0000000983300000)]
  0x000001db9a11d160 JavaThread "JavaFX-Launcher" [_thread_blocked, id=2936, stack(0x0000000983700000,0x0000000983800000)]
  0x000001db999583b0 JavaThread "Thread-2" daemon [_thread_in_native, id=15404, stack(0x0000000983600000,0x0000000983700000)]
  0x000001db9a5e1ba0 JavaThread "Prism Font Disposer" daemon [_thread_blocked, id=6384, stack(0x0000000984000000,0x0000000984100000)]
  0x000001db9a5e30e0 JavaThread "Cleaner-0" daemon [_thread_blocked, id=4060, stack(0x0000000984200000,0x0000000984300000)]
  0x000001db9a5e2b90 JavaThread "Timer-0" [_thread_blocked, id=18256, stack(0x0000000982c00000,0x0000000982d00000)]
  0x000001db9afa8ec0 JavaThread "C2 CompilerThread1" daemon [_thread_blocked, id=7120, stack(0x0000000982b00000,0x0000000982c00000)]
  0x000001db9a5e20f0 JavaThread "Thread-4" [_thread_in_native, id=5268, stack(0x0000000984300000,0x0000000984400000)]
=>0x000001db9a5e3630 JavaThread "Thread-5" [_thread_in_native, id=8076, stack(0x0000000984400000,0x0000000984500000)]
  0x000001db9a5e50c0 JavaThread "Thread-6" [_thread_in_native, id=1448, stack(0x0000000984500000,0x0000000984600000)]
  0x000001db9a5e2640 JavaThread "Timer-1" [_thread_blocked, id=16836, stack(0x0000000984600000,0x0000000984700000)]
  0x000001db9a7fe240 JavaThread "C2 CompilerThread2" daemon [_thread_blocked, id=16064, stack(0x0000000984700000,0x0000000984800000)]

Other Threads:
  0x000001db9534ac00 VMThread "VM Thread" [stack: 0x0000000982000000,0x0000000982100000] [id=15464]
  0x000001db9a24a530 WatcherThread "VM Periodic Task Thread" [stack: 0x0000000982f00000,0x0000000983000000] [id=16992]
  0x000001dbf23ea5b0 WorkerThread "GC Thread#0" [stack: 0x0000000981b00000,0x0000000981c00000] [id=9004]
  0x000001db9a181490 WorkerThread "GC Thread#1" [stack: 0x0000000983800000,0x0000000983900000] [id=8464]
  0x000001db9a555690 WorkerThread "GC Thread#2" [stack: 0x0000000983900000,0x0000000983a00000] [id=16320]
  0x000001db9a453dd0 WorkerThread "GC Thread#3" [stack: 0x0000000983a00000,0x0000000983b00000] [id=16956]
  0x000001db9a453b00 WorkerThread "GC Thread#4" [stack: 0x0000000983b00000,0x0000000983c00000] [id=1644]
  0x000001db9a454910 WorkerThread "GC Thread#5" [stack: 0x0000000983c00000,0x0000000983d00000] [id=9260]
  0x000001db9a454370 WorkerThread "GC Thread#6" [stack: 0x0000000984800000,0x0000000984900000] [id=15516]
  0x000001db9a455450 WorkerThread "GC Thread#7" [stack: 0x0000000984900000,0x0000000984a00000] [id=14548]
  0x000001dbf23fc5a0 ConcurrentGCThread "G1 Main Marker" [stack: 0x0000000981c00000,0x0000000981d00000] [id=4796]
  0x000001dbf23fd770 WorkerThread "G1 Conc#0" [stack: 0x0000000981d00000,0x0000000981e00000] [id=11184]
  0x000001db951ff440 ConcurrentGCThread "G1 Refine#0" [stack: 0x0000000981e00000,0x0000000981f00000] [id=13508]
  0x000001db95200d40 ConcurrentGCThread "G1 Service" [stack: 0x0000000981f00000,0x0000000982000000] [id=13240]

Threads with active compile tasks:

VM state: not at safepoint (normal execution)

VM Mutex/Monitor currently owned by a thread: None

Heap address: 0x0000000702800000, size: 4056 MB, Compressed Oops mode: Zero based, Oop shift amount: 3

CDS archive(s) mapped at: [0x0000000800000000-0x0000000800c40000-0x0000000800c40000), size 12845056, SharedBaseAddress: 0x0000000800000000, ArchiveRelocationMode: 0.
Compressed class space mapped at: 0x0000000801000000-0x0000000841000000, reserved size: 1073741824
Narrow klass base: 0x0000000800000000, Narrow klass shift: 0, Narrow klass range: 0x100000000

GC Precious Log:
 CardTable entry size: 512
 Card Set container configuration: InlinePtr #cards 4 size 8 Array Of Cards #cards 16 size 48 Howl #buckets 8 coarsen threshold 3686 Howl Bitmap #cards 512 size 80 coarsen threshold 460 Card regions per heap region 1 cards per card region 4096
 CPUs: 8 total, 8 available
 Memory: 16221M
 Large Page Support: Disabled
 NUMA Support: Disabled
 Compressed Oops: Enabled (Zero based)
 Heap Region Size: 2M
 Heap Min Capacity: 8M
 Heap Initial Capacity: 254M
 Heap Max Capacity: 4056M
 Pre-touch: Disabled
 Parallel Workers: 8
 Concurrent Workers: 2
 Concurrent Refinement Workers: 8
 Periodic GC: Disabled

Heap:
 garbage-first heap   total 260096K, used 11989K [0x0000000702800000, 0x0000000800000000)
  region size 2048K, 4 young (8192K), 3 survivors (6144K)
 Metaspace       used 14370K, committed 14656K, reserved 1114112K
  class space    used 1860K, committed 1984K, reserved 1048576K

Heap Regions: E=young(eden), S=young(survivor), O=old, HS=humongous(starts), HC=humongous(continues), CS=collection set, F=free, OA=open archive, CA=closed archive, TAMS=top-at-mark-start (previous, next)
|   0|0x0000000702800000, 0x0000000702a00000, 0x0000000702a00000|100%|HS|  |TAMS 0x0000000702800000, 0x0000000702800000| Complete 
|   1|0x0000000702a00000, 0x0000000702c00000, 0x0000000702c00000|100%| O|  |TAMS 0x0000000702a00000, 0x0000000702a00000| Untracked 
|   2|0x0000000702c00000, 0x0000000702db5600, 0x0000000702e00000| 85%| O|  |TAMS 0x0000000702c00000, 0x0000000702c00000| Untracked 
|   3|0x0000000702e00000, 0x0000000702e00000, 0x0000000703000000|  0%| F|  |TAMS 0x0000000702e00000, 0x0000000702e00000| Untracked 
|   4|0x0000000703000000, 0x0000000703000000, 0x0000000703200000|  0%| F|  |TAMS 0x0000000703000000, 0x0000000703000000| Untracked 
|   5|0x0000000703200000, 0x0000000703200000, 0x0000000703400000|  0%| F|  |TAMS 0x0000000703200000, 0x0000000703200000| Untracked 
|   6|0x0000000703400000, 0x0000000703400000, 0x0000000703600000|  0%| F|  |TAMS 0x0000000703400000, 0x0000000703400000| Untracked 
|   7|0x0000000703600000, 0x0000000703600000, 0x0000000703800000|  0%| F|  |TAMS 0x0000000703600000, 0x0000000703600000| Untracked 
|   8|0x0000000703800000, 0x0000000703800000, 0x0000000703a00000|  0%| F|  |TAMS 0x0000000703800000, 0x0000000703800000| Untracked 
|   9|0x0000000703a00000, 0x0000000703a00000, 0x0000000703c00000|  0%| F|  |TAMS 0x0000000703a00000, 0x0000000703a00000| Untracked 
|  10|0x0000000703c00000, 0x0000000703c00000, 0x0000000703e00000|  0%| F|  |TAMS 0x0000000703c00000, 0x0000000703c00000| Untracked 
|  11|0x0000000703e00000, 0x0000000703e00000, 0x0000000704000000|  0%| F|  |TAMS 0x0000000703e00000, 0x0000000703e00000| Untracked 
|  12|0x0000000704000000, 0x0000000704000000, 0x0000000704200000|  0%| F|  |TAMS 0x0000000704000000, 0x0000000704000000| Untracked 
|  13|0x0000000704200000, 0x0000000704200000, 0x0000000704400000|  0%| F|  |TAMS 0x0000000704200000, 0x0000000704200000| Untracked 
|  14|0x0000000704400000, 0x0000000704400000, 0x0000000704600000|  0%| F|  |TAMS 0x0000000704400000, 0x0000000704400000| Untracked 
|  15|0x0000000704600000, 0x0000000704600000, 0x0000000704800000|  0%| F|  |TAMS 0x0000000704600000, 0x0000000704600000| Untracked 
|  16|0x0000000704800000, 0x0000000704800000, 0x0000000704a00000|  0%| F|  |TAMS 0x0000000704800000, 0x0000000704800000| Untracked 
|  17|0x0000000704a00000, 0x0000000704a00000, 0x0000000704c00000|  0%| F|  |TAMS 0x0000000704a00000, 0x0000000704a00000| Untracked 
|  18|0x0000000704c00000, 0x0000000704c00000, 0x0000000704e00000|  0%| F|  |TAMS 0x0000000704c00000, 0x0000000704c00000| Untracked 
|  19|0x0000000704e00000, 0x0000000704e00000, 0x0000000705000000|  0%| F|  |TAMS 0x0000000704e00000, 0x0000000704e00000| Untracked 
|  20|0x0000000705000000, 0x0000000705000000, 0x0000000705200000|  0%| F|  |TAMS 0x0000000705000000, 0x0000000705000000| Untracked 
|  21|0x0000000705200000, 0x0000000705200000, 0x0000000705400000|  0%| F|  |TAMS 0x0000000705200000, 0x0000000705200000| Untracked 
|  22|0x0000000705400000, 0x0000000705400000, 0x0000000705600000|  0%| F|  |TAMS 0x0000000705400000, 0x0000000705400000| Untracked 
|  23|0x0000000705600000, 0x0000000705600000, 0x0000000705800000|  0%| F|  |TAMS 0x0000000705600000, 0x0000000705600000| Untracked 
|  24|0x0000000705800000, 0x0000000705800000, 0x0000000705a00000|  0%| F|  |TAMS 0x0000000705800000, 0x0000000705800000| Untracked 
|  25|0x0000000705a00000, 0x0000000705a00000, 0x0000000705c00000|  0%| F|  |TAMS 0x0000000705a00000, 0x0000000705a00000| Untracked 
|  26|0x0000000705c00000, 0x0000000705c00000, 0x0000000705e00000|  0%| F|  |TAMS 0x0000000705c00000, 0x0000000705c00000| Untracked 
|  27|0x0000000705e00000, 0x0000000705e00000, 0x0000000706000000|  0%| F|  |TAMS 0x0000000705e00000, 0x0000000705e00000| Untracked 
|  28|0x0000000706000000, 0x0000000706000000, 0x0000000706200000|  0%| F|  |TAMS 0x0000000706000000, 0x0000000706000000| Untracked 
|  29|0x0000000706200000, 0x0000000706200000, 0x0000000706400000|  0%| F|  |TAMS 0x0000000706200000, 0x0000000706200000| Untracked 
|  30|0x0000000706400000, 0x0000000706400000, 0x0000000706600000|  0%| F|  |TAMS 0x0000000706400000, 0x0000000706400000| Untracked 
|  31|0x0000000706600000, 0x0000000706600000, 0x0000000706800000|  0%| F|  |TAMS 0x0000000706600000, 0x0000000706600000| Untracked 
|  32|0x0000000706800000, 0x0000000706800000, 0x0000000706a00000|  0%| F|  |TAMS 0x0000000706800000, 0x0000000706800000| Untracked 
|  33|0x0000000706a00000, 0x0000000706a00000, 0x0000000706c00000|  0%| F|  |TAMS 0x0000000706a00000, 0x0000000706a00000| Untracked 
|  34|0x0000000706c00000, 0x0000000706c00000, 0x0000000706e00000|  0%| F|  |TAMS 0x0000000706c00000, 0x0000000706c00000| Untracked 
|  35|0x0000000706e00000, 0x0000000706e00000, 0x0000000707000000|  0%| F|  |TAMS 0x0000000706e00000, 0x0000000706e00000| Untracked 
|  36|0x0000000707000000, 0x0000000707000000, 0x0000000707200000|  0%| F|  |TAMS 0x0000000707000000, 0x0000000707000000| Untracked 
|  37|0x0000000707200000, 0x0000000707200000, 0x0000000707400000|  0%| F|  |TAMS 0x0000000707200000, 0x0000000707200000| Untracked 
|  38|0x0000000707400000, 0x0000000707400000, 0x0000000707600000|  0%| F|  |TAMS 0x0000000707400000, 0x0000000707400000| Untracked 
|  39|0x0000000707600000, 0x0000000707600000, 0x0000000707800000|  0%| F|  |TAMS 0x0000000707600000, 0x0000000707600000| Untracked 
|  40|0x0000000707800000, 0x0000000707800000, 0x0000000707a00000|  0%| F|  |TAMS 0x0000000707800000, 0x0000000707800000| Untracked 
|  41|0x0000000707a00000, 0x0000000707a00000, 0x0000000707c00000|  0%| F|  |TAMS 0x0000000707a00000, 0x0000000707a00000| Untracked 
|  42|0x0000000707c00000, 0x0000000707c00000, 0x0000000707e00000|  0%| F|  |TAMS 0x0000000707c00000, 0x0000000707c00000| Untracked 
|  43|0x0000000707e00000, 0x0000000707e00000, 0x0000000708000000|  0%| F|  |TAMS 0x0000000707e00000, 0x0000000707e00000| Untracked 
|  44|0x0000000708000000, 0x0000000708000000, 0x0000000708200000|  0%| F|  |TAMS 0x0000000708000000, 0x0000000708000000| Untracked 
|  45|0x0000000708200000, 0x0000000708200000, 0x0000000708400000|  0%| F|  |TAMS 0x0000000708200000, 0x0000000708200000| Untracked 
|  46|0x0000000708400000, 0x0000000708400000, 0x0000000708600000|  0%| F|  |TAMS 0x0000000708400000, 0x0000000708400000| Untracked 
|  47|0x0000000708600000, 0x0000000708600000, 0x0000000708800000|  0%| F|  |TAMS 0x0000000708600000, 0x0000000708600000| Untracked 
|  48|0x0000000708800000, 0x0000000708800000, 0x0000000708a00000|  0%| F|  |TAMS 0x0000000708800000, 0x0000000708800000| Untracked 
|  49|0x0000000708a00000, 0x0000000708a00000, 0x0000000708c00000|  0%| F|  |TAMS 0x0000000708a00000, 0x0000000708a00000| Untracked 
|  50|0x0000000708c00000, 0x0000000708c00000, 0x0000000708e00000|  0%| F|  |TAMS 0x0000000708c00000, 0x0000000708c00000| Untracked 
|  51|0x0000000708e00000, 0x0000000708e00000, 0x0000000709000000|  0%| F|  |TAMS 0x0000000708e00000, 0x0000000708e00000| Untracked 
|  52|0x0000000709000000, 0x0000000709000000, 0x0000000709200000|  0%| F|  |TAMS 0x0000000709000000, 0x0000000709000000| Untracked 
|  53|0x0000000709200000, 0x0000000709200000, 0x0000000709400000|  0%| F|  |TAMS 0x0000000709200000, 0x0000000709200000| Untracked 
|  54|0x0000000709400000, 0x0000000709400000, 0x0000000709600000|  0%| F|  |TAMS 0x0000000709400000, 0x0000000709400000| Untracked 
|  55|0x0000000709600000, 0x0000000709600000, 0x0000000709800000|  0%| F|  |TAMS 0x0000000709600000, 0x0000000709600000| Untracked 
|  56|0x0000000709800000, 0x0000000709800000, 0x0000000709a00000|  0%| F|  |TAMS 0x0000000709800000, 0x0000000709800000| Untracked 
|  57|0x0000000709a00000, 0x0000000709a00000, 0x0000000709c00000|  0%| F|  |TAMS 0x0000000709a00000, 0x0000000709a00000| Untracked 
|  58|0x0000000709c00000, 0x0000000709c00000, 0x0000000709e00000|  0%| F|  |TAMS 0x0000000709c00000, 0x0000000709c00000| Untracked 
|  59|0x0000000709e00000, 0x0000000709e00000, 0x000000070a000000|  0%| F|  |TAMS 0x0000000709e00000, 0x0000000709e00000| Untracked 
|  60|0x000000070a000000, 0x000000070a000000, 0x000000070a200000|  0%| F|  |TAMS 0x000000070a000000, 0x000000070a000000| Untracked 
|  61|0x000000070a200000, 0x000000070a200000, 0x000000070a400000|  0%| F|  |TAMS 0x000000070a200000, 0x000000070a200000| Untracked 
|  62|0x000000070a400000, 0x000000070a400000, 0x000000070a600000|  0%| F|  |TAMS 0x000000070a400000, 0x000000070a400000| Untracked 
|  63|0x000000070a600000, 0x000000070a600000, 0x000000070a800000|  0%| F|  |TAMS 0x000000070a600000, 0x000000070a600000| Untracked 
|  64|0x000000070a800000, 0x000000070a800000, 0x000000070aa00000|  0%| F|  |TAMS 0x000000070a800000, 0x000000070a800000| Untracked 
|  65|0x000000070aa00000, 0x000000070aa00000, 0x000000070ac00000|  0%| F|  |TAMS 0x000000070aa00000, 0x000000070aa00000| Untracked 
|  66|0x000000070ac00000, 0x000000070ac00000, 0x000000070ae00000|  0%| F|  |TAMS 0x000000070ac00000, 0x000000070ac00000| Untracked 
|  67|0x000000070ae00000, 0x000000070ae00000, 0x000000070b000000|  0%| F|  |TAMS 0x000000070ae00000, 0x000000070ae00000| Untracked 
|  68|0x000000070b000000, 0x000000070b000000, 0x000000070b200000|  0%| F|  |TAMS 0x000000070b000000, 0x000000070b000000| Untracked 
|  69|0x000000070b200000, 0x000000070b200000, 0x000000070b400000|  0%| F|  |TAMS 0x000000070b200000, 0x000000070b200000| Untracked 
|  70|0x000000070b400000, 0x000000070b400000, 0x000000070b600000|  0%| F|  |TAMS 0x000000070b400000, 0x000000070b400000| Untracked 
|  71|0x000000070b600000, 0x000000070b600000, 0x000000070b800000|  0%| F|  |TAMS 0x000000070b600000, 0x000000070b600000| Untracked 
|  72|0x000000070b800000, 0x000000070b800000, 0x000000070ba00000|  0%| F|  |TAMS 0x000000070b800000, 0x000000070b800000| Untracked 
|  73|0x000000070ba00000, 0x000000070ba00000, 0x000000070bc00000|  0%| F|  |TAMS 0x000000070ba00000, 0x000000070ba00000| Untracked 
|  74|0x000000070bc00000, 0x000000070bc00000, 0x000000070be00000|  0%| F|  |TAMS 0x000000070bc00000, 0x000000070bc00000| Untracked 
|  75|0x000000070be00000, 0x000000070be00000, 0x000000070c000000|  0%| F|  |TAMS 0x000000070be00000, 0x000000070be00000| Untracked 
|  76|0x000000070c000000, 0x000000070c000000, 0x000000070c200000|  0%| F|  |TAMS 0x000000070c000000, 0x000000070c000000| Untracked 
|  77|0x000000070c200000, 0x000000070c200000, 0x000000070c400000|  0%| F|  |TAMS 0x000000070c200000, 0x000000070c200000| Untracked 
|  78|0x000000070c400000, 0x000000070c400000, 0x000000070c600000|  0%| F|  |TAMS 0x000000070c400000, 0x000000070c400000| Untracked 
|  79|0x000000070c600000, 0x000000070c600000, 0x000000070c800000|  0%| F|  |TAMS 0x000000070c600000, 0x000000070c600000| Untracked 
|  80|0x000000070c800000, 0x000000070c800000, 0x000000070ca00000|  0%| F|  |TAMS 0x000000070c800000, 0x000000070c800000| Untracked 
|  81|0x000000070ca00000, 0x000000070ca00000, 0x000000070cc00000|  0%| F|  |TAMS 0x000000070ca00000, 0x000000070ca00000| Untracked 
|  82|0x000000070cc00000, 0x000000070cc00000, 0x000000070ce00000|  0%| F|  |TAMS 0x000000070cc00000, 0x000000070cc00000| Untracked 
|  83|0x000000070ce00000, 0x000000070ce00000, 0x000000070d000000|  0%| F|  |TAMS 0x000000070ce00000, 0x000000070ce00000| Untracked 
|  84|0x000000070d000000, 0x000000070d000000, 0x000000070d200000|  0%| F|  |TAMS 0x000000070d000000, 0x000000070d000000| Untracked 
|  85|0x000000070d200000, 0x000000070d200000, 0x000000070d400000|  0%| F|  |TAMS 0x000000070d200000, 0x000000070d200000| Untracked 
|  86|0x000000070d400000, 0x000000070d400000, 0x000000070d600000|  0%| F|  |TAMS 0x000000070d400000, 0x000000070d400000| Untracked 
|  87|0x000000070d600000, 0x000000070d600000, 0x000000070d800000|  0%| F|  |TAMS 0x000000070d600000, 0x000000070d600000| Untracked 
|  88|0x000000070d800000, 0x000000070d800000, 0x000000070da00000|  0%| F|  |TAMS 0x000000070d800000, 0x000000070d800000| Untracked 
|  89|0x000000070da00000, 0x000000070da00000, 0x000000070dc00000|  0%| F|  |TAMS 0x000000070da00000, 0x000000070da00000| Untracked 
|  90|0x000000070dc00000, 0x000000070dc00000, 0x000000070de00000|  0%| F|  |TAMS 0x000000070dc00000, 0x000000070dc00000| Untracked 
|  91|0x000000070de00000, 0x000000070de00000, 0x000000070e000000|  0%| F|  |TAMS 0x000000070de00000, 0x000000070de00000| Untracked 
|  92|0x000000070e000000, 0x000000070e000000, 0x000000070e200000|  0%| F|  |TAMS 0x000000070e000000, 0x000000070e000000| Untracked 
|  93|0x000000070e200000, 0x000000070e200000, 0x000000070e400000|  0%| F|  |TAMS 0x000000070e200000, 0x000000070e200000| Untracked 
|  94|0x000000070e400000, 0x000000070e400000, 0x000000070e600000|  0%| F|  |TAMS 0x000000070e400000, 0x000000070e400000| Untracked 
|  95|0x000000070e600000, 0x000000070e600000, 0x000000070e800000|  0%| F|  |TAMS 0x000000070e600000, 0x000000070e600000| Untracked 
|  96|0x000000070e800000, 0x000000070e800000, 0x000000070ea00000|  0%| F|  |TAMS 0x000000070e800000, 0x000000070e800000| Untracked 
|  97|0x000000070ea00000, 0x000000070ea00000, 0x000000070ec00000|  0%| F|  |TAMS 0x000000070ea00000, 0x000000070ea00000| Untracked 
|  98|0x000000070ec00000, 0x000000070ec00000, 0x000000070ee00000|  0%| F|  |TAMS 0x000000070ec00000, 0x000000070ec00000| Untracked 
|  99|0x000000070ee00000, 0x000000070ee00000, 0x000000070f000000|  0%| F|  |TAMS 0x000000070ee00000, 0x000000070ee00000| Untracked 
| 100|0x000000070f000000, 0x000000070f000000, 0x000000070f200000|  0%| F|  |TAMS 0x000000070f000000, 0x000000070f000000| Untracked 
| 101|0x000000070f200000, 0x000000070f200000, 0x000000070f400000|  0%| F|  |TAMS 0x000000070f200000, 0x000000070f200000| Untracked 
| 102|0x000000070f400000, 0x000000070f400000, 0x000000070f600000|  0%| F|  |TAMS 0x000000070f400000, 0x000000070f400000| Untracked 
| 103|0x000000070f600000, 0x000000070f600000, 0x000000070f800000|  0%| F|  |TAMS 0x000000070f600000, 0x000000070f600000| Untracked 
| 104|0x000000070f800000, 0x000000070fa00000, 0x000000070fa00000|100%| S|CS|TAMS 0x000000070f800000, 0x000000070f800000| Complete 
| 105|0x000000070fa00000, 0x000000070fc00000, 0x000000070fc00000|100%| S|CS|TAMS 0x000000070fa00000, 0x000000070fa00000| Complete 
| 106|0x000000070fc00000, 0x000000070fe00000, 0x000000070fe00000|100%| S|CS|TAMS 0x000000070fc00000, 0x000000070fc00000| Complete 
| 107|0x000000070fe00000, 0x000000070fe00000, 0x0000000710000000|  0%| F|  |TAMS 0x000000070fe00000, 0x000000070fe00000| Untracked 
| 108|0x0000000710000000, 0x0000000710000000, 0x0000000710200000|  0%| F|  |TAMS 0x0000000710000000, 0x0000000710000000| Untracked 
| 109|0x0000000710200000, 0x0000000710200000, 0x0000000710400000|  0%| F|  |TAMS 0x0000000710200000, 0x0000000710200000| Untracked 
| 110|0x0000000710400000, 0x0000000710400000, 0x0000000710600000|  0%| F|  |TAMS 0x0000000710400000, 0x0000000710400000| Untracked 
| 111|0x0000000710600000, 0x0000000710600000, 0x0000000710800000|  0%| F|  |TAMS 0x0000000710600000, 0x0000000710600000| Untracked 
| 112|0x0000000710800000, 0x0000000710800000, 0x0000000710a00000|  0%| F|  |TAMS 0x0000000710800000, 0x0000000710800000| Untracked 
| 113|0x0000000710a00000, 0x0000000710a00000, 0x0000000710c00000|  0%| F|  |TAMS 0x0000000710a00000, 0x0000000710a00000| Untracked 
| 114|0x0000000710c00000, 0x0000000710c00000, 0x0000000710e00000|  0%| F|  |TAMS 0x0000000710c00000, 0x0000000710c00000| Untracked 
| 115|0x0000000710e00000, 0x0000000710e00000, 0x0000000711000000|  0%| F|  |TAMS 0x0000000710e00000, 0x0000000710e00000| Untracked 
| 116|0x0000000711000000, 0x0000000711000000, 0x0000000711200000|  0%| F|  |TAMS 0x0000000711000000, 0x0000000711000000| Untracked 
| 117|0x0000000711200000, 0x0000000711200000, 0x0000000711400000|  0%| F|  |TAMS 0x0000000711200000, 0x0000000711200000| Untracked 
| 118|0x0000000711400000, 0x0000000711400000, 0x0000000711600000|  0%| F|  |TAMS 0x0000000711400000, 0x0000000711400000| Untracked 
| 119|0x0000000711600000, 0x0000000711600000, 0x0000000711800000|  0%| F|  |TAMS 0x0000000711600000, 0x0000000711600000| Untracked 
| 120|0x0000000711800000, 0x0000000711800000, 0x0000000711a00000|  0%| F|  |TAMS 0x0000000711800000, 0x0000000711800000| Untracked 
| 121|0x0000000711a00000, 0x0000000711a00000, 0x0000000711c00000|  0%| F|  |TAMS 0x0000000711a00000, 0x0000000711a00000| Untracked 
| 122|0x0000000711c00000, 0x0000000711c00000, 0x0000000711e00000|  0%| F|  |TAMS 0x0000000711c00000, 0x0000000711c00000| Untracked 
| 123|0x0000000711e00000, 0x0000000711e00000, 0x0000000712000000|  0%| F|  |TAMS 0x0000000711e00000, 0x0000000711e00000| Untracked 
| 124|0x0000000712000000, 0x0000000712000000, 0x0000000712200000|  0%| F|  |TAMS 0x0000000712000000, 0x0000000712000000| Untracked 
| 125|0x0000000712200000, 0x0000000712200000, 0x0000000712400000|  0%| F|  |TAMS 0x0000000712200000, 0x0000000712200000| Untracked 
| 126|0x0000000712400000, 0x00000007125ae8e0, 0x0000000712600000| 84%| E|  |TAMS 0x0000000712400000, 0x0000000712400000| Complete 

Card table byte_map: [0x000001dbfadf0000,0x000001dbfb5e0000] _byte_map_base: 0x000001dbf75dc000

Marking Bits (Prev, Next): (CMBitMap*) 0x000001dbf23ebbf0, (CMBitMap*) 0x000001dbf23ebc30
 Prev Bits: [0x000001dbfbdd0000, 0x000001dbffd30000)
 Next Bits: [0x000001db8f000000, 0x000001db92f60000)

Polling page: 0x000001dbf0320000

Metaspace:

Usage:
  Non-class:     12.22 MB used.
      Class:      1.82 MB used.
       Both:     14.03 MB used.

Virtual space:
  Non-class space:       64.00 MB reserved,      12.38 MB ( 19%) committed,  1 nodes.
      Class space:        1.00 GB reserved,       1.94 MB ( <1%) committed,  1 nodes.
             Both:        1.06 GB reserved,      14.31 MB (  1%) committed. 

Chunk freelists:
   Non-Class:  3.45 MB
       Class:  2.02 MB
        Both:  5.47 MB

MaxMetaspaceSize: unlimited
CompressedClassSpaceSize: 1.00 GB
Initial GC threshold: 21.00 MB
Current GC threshold: 21.00 MB
CDS: on
MetaspaceReclaimPolicy: balanced
 - commit_granule_bytes: 65536.
 - commit_granule_words: 8192.
 - virtual_space_node_default_size: 8388608.
 - enlarge_chunks_in_place: 1.
 - new_chunks_are_fully_committed: 0.
 - uncommit_free_chunks: 1.
 - use_allocation_guard: 0.


Internal statistics:

num_allocs_failed_limit: 0.
num_arena_births: 350.
num_arena_deaths: 0.
num_vsnodes_births: 2.
num_vsnodes_deaths: 0.
num_space_committed: 229.
num_space_uncommitted: 0.
num_chunks_returned_to_freelist: 0.
num_chunks_taken_from_freelist: 848.
num_chunk_merges: 0.
num_chunk_splits: 569.
num_chunks_enlarged: 407.
num_inconsistent_stats: 0.

CodeHeap 'non-profiled nmethods': size=120000Kb used=1207Kb max_used=1207Kb free=118792Kb
 bounds [0x000001db87ad0000, 0x000001db87d40000, 0x000001db8f000000]
CodeHeap 'profiled nmethods': size=120000Kb used=5258Kb max_used=5258Kb free=114741Kb
 bounds [0x000001db80000000, 0x000001db80530000, 0x000001db87530000]
CodeHeap 'non-nmethods': size=5760Kb used=1522Kb max_used=1561Kb free=4237Kb
 bounds [0x000001db87530000, 0x000001db877a0000, 0x000001db87ad0000]
 total_blobs=3711 nmethods=2913 adapters=708
 compilation: enabled
              stopped_count=0, restarted_count=0
 full_count=0

Compilation events (20 events):
Event: 3.597 Thread 0x000001db99938090 2709       3       java.lang.StringLatin1::toUpperCase (186 bytes)
Event: 3.598 Thread 0x000001db9afa8ec0 nmethod 2705 0x000001db87be1890 code [0x000001db87be1a20, 0x000001db87be1bb8]
Event: 3.599 Thread 0x000001db9afa8ec0 2707       4       java.lang.String::isLatin1 (19 bytes)
Event: 3.601 Thread 0x000001db99938090 nmethod 2709 0x000001db8049aa90 code [0x000001db8049ad20, 0x000001db8049b878]
Event: 3.601 Thread 0x000001db99938090 2714       3       java.lang.String::regionMatches (189 bytes)
Event: 3.601 Thread 0x000001db9afa8ec0 nmethod 2707 0x000001db87be1d90 code [0x000001db87be1f00, 0x000001db87be1f98]
Event: 3.602 Thread 0x000001db99938090 nmethod 2714 0x000001db8049bc90 code [0x000001db8049bee0, 0x000001db8049cbb8]
Event: 3.602 Thread 0x000001db99938090 2708       3       java.lang.String::toUpperCase (29 bytes)
Event: 3.602 Thread 0x000001db99938090 nmethod 2708 0x000001db8049d010 code [0x000001db8049d1e0, 0x000001db8049d4b8]
Event: 3.602 Thread 0x000001db99938090 2710       3       java.lang.String::toUpperCase (8 bytes)
Event: 3.602 Thread 0x000001db99938090 nmethod 2710 0x000001db8049d590 code [0x000001db8049d780, 0x000001db8049db18]
Event: 3.603 Thread 0x000001db99938090 2711       3       java.lang.StringBuffer::<init> (7 bytes)
Event: 3.603 Thread 0x000001db99938090 nmethod 2711 0x000001db8049dc90 code [0x000001db8049de40, 0x000001db8049df88]
Event: 3.603 Thread 0x000001db99938090 2712  s    3       java.lang.StringBuffer::toString (34 bytes)
Event: 3.603 Thread 0x000001db99938090 nmethod 2712 0x000001db8049e010 code [0x000001db8049e1e0, 0x000001db8049e5f8]
Event: 3.603 Thread 0x000001db9afa8ec0 2715       4       java.lang.StringBuilder::length (5 bytes)
Event: 3.603 Thread 0x000001db99938090 2713  s    3       java.lang.StringBuffer::append (13 bytes)
Event: 3.604 Thread 0x000001db99938090 nmethod 2713 0x000001db8049e710 code [0x000001db8049e8c0, 0x000001db8049eae8]
Event: 3.604 Thread 0x000001db953751f0 nmethod 2703 0x000001db87be2090 code [0x000001db87be2220, 0x000001db87be26b8]
Event: 3.604 Thread 0x000001db9afa8ec0 nmethod 2715 0x000001db87be2890 code [0x000001db87be2a00, 0x000001db87be2a78]

GC Heap History (2 events):
Event: 0.627 GC heap before
{Heap before GC invocations=0 (full 0):
 garbage-first heap   total 260096K, used 20480K [0x0000000702800000, 0x0000000800000000)
  region size 2048K, 11 young (22528K), 0 survivors (0K)
 Metaspace       used 5956K, committed 6208K, reserved 1114112K
  class space    used 684K, committed 832K, reserved 1048576K
}
Event: 0.631 GC heap after
{Heap after GC invocations=1 (full 0):
 garbage-first heap   total 260096K, used 2898K [0x0000000702800000, 0x0000000800000000)
  region size 2048K, 2 young (4096K), 2 survivors (4096K)
 Metaspace       used 5956K, committed 6208K, reserved 1114112K
  class space    used 684K, committed 832K, reserved 1048576K
}

Dll operation events (20 events):
Event: 0.341 Loaded shared library C:\Java\javafx-sdk-19.0.2.1\bin\api-ms-win-crt-multibyte-l1-1-0.dll
Event: 0.342 Loaded shared library C:\Java\javafx-sdk-19.0.2.1\bin\api-ms-win-crt-private-l1-1-0.dll
Event: 0.344 Loaded shared library C:\Java\javafx-sdk-19.0.2.1\bin\api-ms-win-crt-process-l1-1-0.dll
Event: 0.345 Loaded shared library C:\Java\javafx-sdk-19.0.2.1\bin\api-ms-win-crt-runtime-l1-1-0.dll
Event: 0.346 Loaded shared library C:\Java\javafx-sdk-19.0.2.1\bin\api-ms-win-crt-stdio-l1-1-0.dll
Event: 0.347 Loaded shared library C:\Java\javafx-sdk-19.0.2.1\bin\api-ms-win-crt-string-l1-1-0.dll
Event: 0.348 Loaded shared library C:\Java\javafx-sdk-19.0.2.1\bin\api-ms-win-crt-time-l1-1-0.dll
Event: 0.349 Loaded shared library C:\Java\javafx-sdk-19.0.2.1\bin\api-ms-win-crt-utility-l1-1-0.dll
Event: 0.351 Loaded shared library C:\Java\javafx-sdk-19.0.2.1\bin\ucrtbase.dll
Event: 0.352 Loaded shared library C:\Java\javafx-sdk-19.0.2.1\bin\vcruntime140.dll
Event: 0.353 Loaded shared library C:\Java\javafx-sdk-19.0.2.1\bin\vcruntime140_1.dll
Event: 0.354 Loaded shared library C:\Java\javafx-sdk-19.0.2.1\bin\msvcp140.dll
Event: 0.356 Loaded shared library C:\Java\javafx-sdk-19.0.2.1\bin\msvcp140_1.dll
Event: 0.357 Loaded shared library C:\Java\javafx-sdk-19.0.2.1\bin\msvcp140_2.dll
Event: 0.396 Loaded shared library C:\Java\javafx-sdk-19.0.2.1\bin\prism_d3d.dll
Event: 0.451 Loaded shared library C:\Java\javafx-sdk-19.0.2.1\bin\glass.dll
Event: 0.554 Loaded shared library C:\Users\brayn\.jdks\openjdk-19.0.2\bin\jimage.dll
Event: 0.774 Loaded shared library C:\Java\javafx-sdk-19.0.2.1\bin\javafx_font.dll
Event: 3.583 Loaded shared library C:\Users\brayn\.jdks\openjdk-19.0.2\bin\verify.dll
Event: 3.592 Loaded shared library C:\Users\brayn\OneDrive\Desktop\Minesweeper\mfz-rxtx-2.2-20081207-win-x64\mfz-rxtx-2.2-20081207-win-x64\rxtxSerial.dll

Deoptimization events (20 events):
Event: 2.321 Thread 0x000001db9a1a8780 DEOPT PACKING pc=0x000001db8040b573 sp=0x00000009830fdd50
Event: 2.321 Thread 0x000001db9a1a8780 DEOPT UNPACKING pc=0x000001db87597543 sp=0x00000009830fd200 mode 0
Event: 2.321 Thread 0x000001db9a1a8780 DEOPT PACKING pc=0x000001db8040b573 sp=0x00000009830fdd50
Event: 2.321 Thread 0x000001db9a1a8780 DEOPT UNPACKING pc=0x000001db87597543 sp=0x00000009830fd200 mode 0
Event: 2.352 Thread 0x000001db9a1a8780 DEOPT PACKING pc=0x000001db803dc14a sp=0x00000009830fde70
Event: 2.352 Thread 0x000001db9a1a8780 DEOPT UNPACKING pc=0x000001db87597543 sp=0x00000009830fd2a8 mode 0
Event: 2.354 Thread 0x000001db9a1a8780 DEOPT PACKING pc=0x000001db803dc14a sp=0x00000009830fde70
Event: 2.354 Thread 0x000001db9a1a8780 DEOPT UNPACKING pc=0x000001db87597543 sp=0x00000009830fd2a8 mode 0
Event: 2.355 Thread 0x000001db9a1a8780 DEOPT PACKING pc=0x000001db803dc14a sp=0x00000009830fde70
Event: 2.355 Thread 0x000001db9a1a8780 DEOPT UNPACKING pc=0x000001db87597543 sp=0x00000009830fd2a8 mode 0
Event: 2.356 Thread 0x000001db9a1a8780 DEOPT PACKING pc=0x000001db803dc14a sp=0x00000009830fde70
Event: 2.356 Thread 0x000001db9a1a8780 DEOPT UNPACKING pc=0x000001db87597543 sp=0x00000009830fd2a8 mode 0
Event: 2.356 Thread 0x000001db9a1a8780 Uncommon trap: trap_request=0xffffff45 fr.pc=0x000001db87bc1580 relative=0x0000000000002960
Event: 2.356 Thread 0x000001db9a1a8780 Uncommon trap: reason=unstable_if action=reinterpret pc=0x000001db87bc1580 method=com.sun.marlin.Renderer._endRendering(IILcom/sun/marlin/MarlinAlphaConsumer;)V @ 2015 c2
Event: 2.356 Thread 0x000001db9a1a8780 DEOPT PACKING pc=0x000001db87bc1580 sp=0x00000009830fdeb0
Event: 2.356 Thread 0x000001db9a1a8780 DEOPT UNPACKING pc=0x000001db87596da3 sp=0x00000009830fdda8 mode 2
Event: 3.595 Thread 0x000001db9a329320 Uncommon trap: trap_request=0xffffff45 fr.pc=0x000001db87b1d454 relative=0x0000000000000594
Event: 3.595 Thread 0x000001db9a329320 Uncommon trap: reason=unstable_if action=reinterpret pc=0x000001db87b1d454 method=java.lang.AbstractStringBuilder.append(Ljava/lang/String;)Ljava/lang/AbstractStringBuilder; @ 1 c2
Event: 3.595 Thread 0x000001db9a329320 DEOPT PACKING pc=0x000001db87b1d454 sp=0x00000009832fb0f0
Event: 3.595 Thread 0x000001db9a329320 DEOPT UNPACKING pc=0x000001db87596da3 sp=0x00000009832fb0d8 mode 2

Classes loaded (20 events):
Event: 1.975 Loading class java/util/BitSet
Event: 1.975 Loading class java/util/BitSet done
Event: 2.038 Loading class java/util/Formatter$FixedString
Event: 2.038 Loading class java/util/Formatter$FixedString done
Event: 2.044 Loading class sun/util/resources/LocaleData$CommonResourceBundleProvider
Event: 2.044 Loading class sun/util/resources/LocaleData$LocaleDataResourceBundleProvider
Event: 2.044 Loading class java/util/spi/ResourceBundleProvider
Event: 2.044 Loading class java/util/spi/ResourceBundleProvider done
Event: 2.044 Loading class sun/util/resources/LocaleData$LocaleDataResourceBundleProvider done
Event: 2.044 Loading class sun/util/resources/LocaleData$CommonResourceBundleProvider done
Event: 2.044 Loading class java/util/ArrayList$SubList$1
Event: 2.044 Loading class java/util/ArrayList$SubList$1 done
Event: 2.045 Loading class sun/util/resources/Bundles$2
Event: 2.045 Loading class sun/util/resources/Bundles$2 done
Event: 3.601 Loading class java/util/TooManyListenersException
Event: 3.601 Loading class java/util/TooManyListenersException done
Event: 3.611 Loading class jdk/internal/event/ThreadSleepEvent
Event: 3.611 Loading class jdk/internal/event/Event
Event: 3.611 Loading class jdk/internal/event/Event done
Event: 3.611 Loading class jdk/internal/event/ThreadSleepEvent done

Classes unloaded (0 events):
No events

Classes redefined (0 events):
No events

Internal exceptions (20 events):
Event: 0.995 Thread 0x000001db9a329320 Implicit null exception at 0x000001db87b33d34 to 0x000001db87b34014
Event: 1.095 Thread 0x000001db9a329320 Implicit null exception at 0x000001db87b2fd72 to 0x000001db87b3011c
Event: 1.154 Thread 0x000001db9a329320 Exception <a 'java/lang/NoSuchMethodError'{0x00000007113b0ba8}: 'java.lang.Object java.lang.invoke.DirectMethodHandle$Holder.invokeInterface(java.lang.Object, java.lang.Object, java.lang.Object)'> (0x00000007113b0ba8) 
thrown [s\open\src\hotspot\share\interpreter\linkResolver.cpp, line 774]
Event: 1.155 Thread 0x000001db9a329320 Exception <a 'java/lang/IncompatibleClassChangeError'{0x00000007113b4538}: Found class java.lang.Object, but interface was expected> (0x00000007113b4538) 
thrown [s\open\src\hotspot\share\interpreter\linkResolver.cpp, line 841]
Event: 1.203 Thread 0x000001db9a329320 Exception <a 'java/lang/NoSuchMethodError'{0x00000007110aabe8}: 'int java.lang.invoke.DirectMethodHandle$Holder.invokeSpecial(java.lang.Object, java.lang.Object, int)'> (0x00000007110aabe8) 
thrown [s\open\src\hotspot\share\interpreter\linkResolver.cpp, line 774]
Event: 1.204 Thread 0x000001db9a329320 Exception <a 'java/lang/NoSuchMethodError'{0x00000007110c5c00}: 'int java.lang.invoke.DirectMethodHandle$Holder.invokeSpecial(java.lang.Object, java.lang.Object, java.lang.Object, int)'> (0x00000007110c5c00) 
thrown [s\open\src\hotspot\share\interpreter\linkResolver.cpp, line 774]
Event: 1.205 Thread 0x000001db9a329320 Exception <a 'java/lang/NoSuchMethodError'{0x00000007110cd920}: 'int java.lang.invoke.DirectMethodHandle$Holder.invokeSpecial(java.lang.Object, java.lang.Object, java.lang.Object)'> (0x00000007110cd920) 
thrown [s\open\src\hotspot\share\interpreter\linkResolver.cpp, line 774]
Event: 1.218 Thread 0x000001db9a329320 Exception <a 'java/lang/NoSuchMethodError'{0x00000007111334a8}: 'java.lang.Object java.lang.invoke.DirectMethodHandle$Holder.newInvokeSpecial(java.lang.Object, java.lang.Object, int)'> (0x00000007111334a8) 
thrown [s\open\src\hotspot\share\interpreter\linkResolver.cpp, line 774]
Event: 1.241 Thread 0x000001db9a1a8780 Exception <a 'java/lang/NoSuchMethodError'{0x0000000710a19918}: 'int java.lang.invoke.DirectMethodHandle$Holder.invokeStaticInit(java.lang.Object, java.lang.Object)'> (0x0000000710a19918) 
thrown [s\open\src\hotspot\share\interpreter\linkResolver.cpp, line 774]
Event: 1.676 Thread 0x000001db9a329320 Exception <a 'java/lang/NoSuchMethodError'{0x00000007109e2db8}: 'long java.lang.invoke.DirectMethodHandle$Holder.invokeStatic(java.lang.Object, java.lang.Object, java.lang.Object)'> (0x00000007109e2db8) 
thrown [s\open\src\hotspot\share\interpreter\linkResolver.cpp, line 774]
Event: 1.677 Thread 0x000001db9a329320 Exception <a 'java/lang/NoSuchMethodError'{0x00000007109e6430}: 'long java.lang.invoke.DirectMethodHandle$Holder.invokeStaticInit(java.lang.Object, java.lang.Object, java.lang.Object)'> (0x00000007109e6430) 
thrown [s\open\src\hotspot\share\interpreter\linkResolver.cpp, line 774]
Event: 1.680 Thread 0x000001db9a329320 Exception <a 'java/lang/NoSuchMethodError'{0x00000007109fe8d0}: 'java.lang.Object java.lang.invoke.DirectMethodHandle$Holder.newInvokeSpecial(java.lang.Object, java.lang.Object, long)'> (0x00000007109fe8d0) 
thrown [s\open\src\hotspot\share\interpreter\linkResolver.cpp, line 774]
Event: 1.681 Thread 0x000001db9a329320 Exception <a 'java/lang/NoSuchMethodError'{0x0000000710602918}: 'java.lang.Object java.lang.invoke.Invokers$Holder.linkToTargetMethod(java.lang.Object, long, java.lang.Object)'> (0x0000000710602918) 
thrown [s\open\src\hotspot\share\interpreter\linkResolver.cpp, line 774]
Event: 1.788 Thread 0x000001db9a329320 Exception <a 'java/lang/NoSuchMethodError'{0x0000000710687ab8}: 'void java.lang.invoke.Invokers$Holder.invokeExact_MT(java.lang.Object, java.lang.Object, java.lang.Object, java.lang.Object)'> (0x0000000710687ab8) 
thrown [s\open\src\hotspot\share\interpreter\linkResolver.cpp, line 774]
Event: 1.830 Thread 0x000001db9a329320 Exception <a 'java/lang/NoSuchMethodError'{0x0000000710782930}: 'void java.lang.invoke.DirectMethodHandle$Holder.invokeSpecial(java.lang.Object, java.lang.Object, int)'> (0x0000000710782930) 
thrown [s\open\src\hotspot\share\interpreter\linkResolver.cpp, line 774]
Event: 1.831 Thread 0x000001db9a329320 Exception <a 'java/lang/NoSuchMethodError'{0x0000000710789dd8}: 'void java.lang.invoke.DelegatingMethodHandle$Holder.reinvoke_L(java.lang.Object, java.lang.Object, int)'> (0x0000000710789dd8) 
thrown [s\open\src\hotspot\share\interpreter\linkResolver.cpp, line 774]
Event: 1.841 Thread 0x000001db9a329320 Exception <a 'java/lang/NoSuchMethodError'{0x000000071079efc8}: 'void java.lang.invoke.DirectMethodHandle$Holder.invokeVirtual(java.lang.Object, java.lang.Object)'> (0x000000071079efc8) 
thrown [s\open\src\hotspot\share\interpreter\linkResolver.cpp, line 774]
Event: 3.594 Thread 0x000001db9a329320 Implicit null exception at 0x000001db87b1cef2 to 0x000001db87b1d43c
Event: 3.595 Thread 0x000001db9a329320 Exception <a 'java/io/FileNotFoundException'{0x0000000710092a78}> (0x0000000710092a78) 
thrown [s\open\src\hotspot\share\prims\jni.cpp, line 517]
Event: 3.598 Thread 0x000001db9a329320 Exception <a 'java/io/FileNotFoundException'{0x00000007100a4be0}> (0x00000007100a4be0) 
thrown [s\open\src\hotspot\share\prims\jni.cpp, line 517]

VM Operations (20 events):
Event: 0.446 Executing VM operation: HandshakeAllThreads
Event: 0.446 Executing VM operation: HandshakeAllThreads done
Event: 0.627 Executing VM operation: G1CollectForAllocation
Event: 0.631 Executing VM operation: G1CollectForAllocation done
Event: 0.779 Executing VM operation: HandshakeAllThreads
Event: 0.779 Executing VM operation: HandshakeAllThreads done
Event: 1.036 Executing VM operation: ICBufferFull
Event: 1.036 Executing VM operation: ICBufferFull done
Event: 1.881 Executing VM operation: ICBufferFull
Event: 1.882 Executing VM operation: ICBufferFull done
Event: 2.057 Executing VM operation: HandshakeAllThreads
Event: 2.057 Executing VM operation: HandshakeAllThreads done
Event: 2.122 Executing VM operation: ICBufferFull
Event: 2.122 Executing VM operation: ICBufferFull done
Event: 3.590 Executing VM operation: HandshakeAllThreads
Event: 3.590 Executing VM operation: HandshakeAllThreads done
Event: 3.590 Executing VM operation: Cleanup
Event: 3.590 Executing VM operation: Cleanup done
Event: 3.594 Executing VM operation: HandshakeAllThreads
Event: 3.594 Executing VM operation: HandshakeAllThreads done

Events (20 events):
Event: 0.137 Thread 0x000001db99a66f00 Thread added: 0x000001db99a66f00
Event: 0.226 Thread 0x000001db9a249ff0 Thread added: 0x000001db9a249ff0
Event: 0.226 Thread 0x000001db9a144c40 Thread added: 0x000001db9a144c40
Event: 0.389 Thread 0x000001db9a1a8780 Thread added: 0x000001db9a1a8780
Event: 0.453 Thread 0x000001db9a1295e0 Thread added: 0x000001db9a1295e0
Event: 0.459 Thread 0x000001db9a329320 Thread added: 0x000001db9a329320
Event: 0.529 Thread 0x000001db9a11d160 Thread added: 0x000001db9a11d160
Event: 0.539 Thread 0x000001db999583b0 Thread added: 0x000001db999583b0
Event: 1.146 Thread 0x000001db9a5e1ba0 Thread added: 0x000001db9a5e1ba0
Event: 1.284 Thread 0x000001db9a5e30e0 Thread added: 0x000001db9a5e30e0
Event: 1.466 Thread 0x000001db99a66f00 Thread exited: 0x000001db99a66f00
Event: 1.466 Thread 0x000001db99aac040 Thread exited: 0x000001db99aac040
Event: 1.817 Thread 0x000001db99a66f00 Thread added: 0x000001db99a66f00
Event: 1.843 Thread 0x000001db9a5e2b90 Thread added: 0x000001db9a5e2b90
Event: 1.982 Thread 0x000001db9aa84090 Thread added: 0x000001db9aa84090
Event: 2.546 Thread 0x000001db9aa84090 Thread exited: 0x000001db9aa84090
Event: 2.716 Thread 0x000001db99a66f00 Thread exited: 0x000001db99a66f00
Event: 3.574 Thread 0x000001db9afa8ec0 Thread added: 0x000001db9afa8ec0
Event: 3.611 Thread 0x000001db9a5e20f0 Thread added: 0x000001db9a5e20f0
Event: 3.622 Thread 0x000001db9a5e3630 Thread added: 0x000001db9a5e3630


Dynamic libraries:
0x00007ff6fba10000 - 0x00007ff6fba1e000 	C:\Users\brayn\.jdks\openjdk-19.0.2\bin\java.exe
0x00007ff9296b0000 - 0x00007ff9298c4000 	C:\WINDOWS\SYSTEM32\ntdll.dll
0x00007ff928360000 - 0x00007ff928423000 	C:\WINDOWS\System32\KERNEL32.DLL
0x00007ff926f40000 - 0x00007ff9272dc000 	C:\WINDOWS\System32\KERNELBASE.dll
0x00007ff9272e0000 - 0x00007ff9273f1000 	C:\WINDOWS\System32\ucrtbase.dll
0x00007ff921f90000 - 0x00007ff921fab000 	C:\Users\brayn\.jdks\openjdk-19.0.2\bin\VCRUNTIME140.dll
0x00007ff921d50000 - 0x00007ff921d67000 	C:\Users\brayn\.jdks\openjdk-19.0.2\bin\jli.dll
0x00007ff929290000 - 0x00007ff92943d000 	C:\WINDOWS\System32\USER32.dll
0x00007ff926d20000 - 0x00007ff926d46000 	C:\WINDOWS\System32\win32u.dll
0x00007ff910f60000 - 0x00007ff9111ee000 	C:\WINDOWS\WinSxS\amd64_microsoft.windows.common-controls_6595b64144ccf1df_6.0.22621.608_none_a9444ca7c10bb01d\COMCTL32.dll
0x00007ff927f20000 - 0x00007ff927fc7000 	C:\WINDOWS\System32\msvcrt.dll
0x00007ff9291a0000 - 0x00007ff9291c9000 	C:\WINDOWS\System32\GDI32.dll
0x00007ff926c00000 - 0x00007ff926d13000 	C:\WINDOWS\System32\gdi32full.dll
0x00007ff926b60000 - 0x00007ff926bfa000 	C:\WINDOWS\System32\msvcp_win.dll
0x00007ff9276d0000 - 0x00007ff927701000 	C:\WINDOWS\System32\IMM32.DLL
0x00007ff921fd0000 - 0x00007ff921fdc000 	C:\Users\brayn\.jdks\openjdk-19.0.2\bin\vcruntime140_1.dll
0x00007ff911be0000 - 0x00007ff911c6e000 	C:\Users\brayn\.jdks\openjdk-19.0.2\bin\msvcp140.dll
0x00007ff8e2af0000 - 0x00007ff8e37b0000 	C:\Users\brayn\.jdks\openjdk-19.0.2\bin\server\jvm.dll
0x00007ff928ea0000 - 0x00007ff928f4e000 	C:\WINDOWS\System32\ADVAPI32.dll
0x00007ff927b90000 - 0x00007ff927c34000 	C:\WINDOWS\System32\sechost.dll
0x00007ff928f50000 - 0x00007ff929065000 	C:\WINDOWS\System32\RPCRT4.dll
0x00007ff921eb0000 - 0x00007ff921eb9000 	C:\WINDOWS\SYSTEM32\WSOCK32.dll
0x00007ff921350000 - 0x00007ff921384000 	C:\WINDOWS\SYSTEM32\WINMM.dll
0x00007ff920dc0000 - 0x00007ff920dca000 	C:\WINDOWS\SYSTEM32\VERSION.dll
0x00007ff928e20000 - 0x00007ff928e91000 	C:\WINDOWS\System32\WS2_32.dll
0x00007ff925b40000 - 0x00007ff925b58000 	C:\WINDOWS\SYSTEM32\kernel.appcore.dll
0x00007ff921d40000 - 0x00007ff921d4a000 	C:\Users\brayn\.jdks\openjdk-19.0.2\bin\jimage.dll
0x00007ff924270000 - 0x00007ff92449e000 	C:\WINDOWS\SYSTEM32\DBGHELP.DLL
0x00007ff927fd0000 - 0x00007ff928359000 	C:\WINDOWS\System32\combase.dll
0x00007ff9275f0000 - 0x00007ff9276c7000 	C:\WINDOWS\System32\OLEAUT32.dll
0x00007ff90d7c0000 - 0x00007ff90d7f2000 	C:\WINDOWS\SYSTEM32\dbgcore.DLL
0x00007ff926d50000 - 0x00007ff926dcb000 	C:\WINDOWS\System32\bcryptPrimitives.dll
0x00007ff920460000 - 0x00007ff92046e000 	C:\Users\brayn\.jdks\openjdk-19.0.2\bin\instrument.dll
0x00007ff920480000 - 0x00007ff9204a6000 	C:\Users\brayn\.jdks\openjdk-19.0.2\bin\java.dll
0x00007ff8fc150000 - 0x00007ff8fc227000 	C:\Users\brayn\.jdks\openjdk-19.0.2\bin\jsvml.dll
0x00007ff928530000 - 0x00007ff928d20000 	C:\WINDOWS\System32\SHELL32.dll
0x00007ff924b00000 - 0x00007ff9253ce000 	C:\WINDOWS\SYSTEM32\windows.storage.dll
0x00007ff9249c0000 - 0x00007ff924afe000 	C:\WINDOWS\SYSTEM32\wintypes.dll
0x00007ff928430000 - 0x00007ff928521000 	C:\WINDOWS\System32\SHCORE.dll
0x00007ff9291d0000 - 0x00007ff92922e000 	C:\WINDOWS\System32\shlwapi.dll
0x00007ff926a20000 - 0x00007ff926a41000 	C:\WINDOWS\SYSTEM32\profapi.dll
0x00007ff916d90000 - 0x00007ff916da3000 	C:\Users\brayn\.jdks\openjdk-19.0.2\bin\net.dll
0x00007ff920b60000 - 0x00007ff920c8f000 	C:\WINDOWS\SYSTEM32\WINHTTP.dll
0x00007ff925fb0000 - 0x00007ff926019000 	C:\WINDOWS\system32\mswsock.dll
0x00007ff916d70000 - 0x00007ff916d86000 	C:\Users\brayn\.jdks\openjdk-19.0.2\bin\nio.dll
0x00007ff916b30000 - 0x00007ff916b48000 	C:\Users\brayn\.jdks\openjdk-19.0.2\bin\zip.dll
0x00007ff9159a0000 - 0x00007ff9159ba000 	C:\Program Files\JetBrains\IntelliJ IDEA 2022.3.2\bin\breakgen64.dll
0x00007ff9169f0000 - 0x00007ff9169f8000 	C:\Users\brayn\.jdks\openjdk-19.0.2\bin\extnet.dll
0x000001db957e0000 - 0x000001db957e3000 	C:\Java\javafx-sdk-19.0.2.1\bin\api-ms-win-core-console-l1-1-0.dll
0x000001db957f0000 - 0x000001db957f3000 	C:\Java\javafx-sdk-19.0.2.1\bin\api-ms-win-core-console-l1-2-0.dll
0x000001db9b500000 - 0x000001db9b503000 	C:\Java\javafx-sdk-19.0.2.1\bin\api-ms-win-core-datetime-l1-1-0.dll
0x000001db9b510000 - 0x000001db9b513000 	C:\Java\javafx-sdk-19.0.2.1\bin\api-ms-win-core-debug-l1-1-0.dll
0x000001db9b520000 - 0x000001db9b523000 	C:\Java\javafx-sdk-19.0.2.1\bin\api-ms-win-core-errorhandling-l1-1-0.dll
0x000001db9b530000 - 0x000001db9b534000 	C:\Java\javafx-sdk-19.0.2.1\bin\api-ms-win-core-file-l1-1-0.dll
0x000001db9b540000 - 0x000001db9b543000 	C:\Java\javafx-sdk-19.0.2.1\bin\api-ms-win-core-file-l1-2-0.dll
0x000001db9b550000 - 0x000001db9b553000 	C:\Java\javafx-sdk-19.0.2.1\bin\api-ms-win-core-file-l2-1-0.dll
0x000001db9b560000 - 0x000001db9b563000 	C:\Java\javafx-sdk-19.0.2.1\bin\api-ms-win-core-handle-l1-1-0.dll
0x000001db9b570000 - 0x000001db9b573000 	C:\Java\javafx-sdk-19.0.2.1\bin\api-ms-win-core-heap-l1-1-0.dll
0x000001db9b580000 - 0x000001db9b583000 	C:\Java\javafx-sdk-19.0.2.1\bin\api-ms-win-core-interlocked-l1-1-0.dll
0x000001db9b590000 - 0x000001db9b593000 	C:\Java\javafx-sdk-19.0.2.1\bin\api-ms-win-core-libraryloader-l1-1-0.dll
0x000001db9b5a0000 - 0x000001db9b5a3000 	C:\Java\javafx-sdk-19.0.2.1\bin\api-ms-win-core-localization-l1-2-0.dll
0x000001db9b5b0000 - 0x000001db9b5b3000 	C:\Java\javafx-sdk-19.0.2.1\bin\api-ms-win-core-memory-l1-1-0.dll
0x000001db9b5c0000 - 0x000001db9b5c3000 	C:\Java\javafx-sdk-19.0.2.1\bin\api-ms-win-core-namedpipe-l1-1-0.dll
0x000001db9b5d0000 - 0x000001db9b5d3000 	C:\Java\javafx-sdk-19.0.2.1\bin\api-ms-win-core-processenvironment-l1-1-0.dll
0x000001db9b5e0000 - 0x000001db9b5e3000 	C:\Java\javafx-sdk-19.0.2.1\bin\api-ms-win-core-processthreads-l1-1-0.dll
0x000001db9b5f0000 - 0x000001db9b5f3000 	C:\Java\javafx-sdk-19.0.2.1\bin\api-ms-win-core-processthreads-l1-1-1.dll
0x000001db9b600000 - 0x000001db9b603000 	C:\Java\javafx-sdk-19.0.2.1\bin\api-ms-win-core-profile-l1-1-0.dll
0x000001db9b610000 - 0x000001db9b613000 	C:\Java\javafx-sdk-19.0.2.1\bin\api-ms-win-core-rtlsupport-l1-1-0.dll
0x000001db9b620000 - 0x000001db9b623000 	C:\Java\javafx-sdk-19.0.2.1\bin\api-ms-win-core-string-l1-1-0.dll
0x000001db9b630000 - 0x000001db9b633000 	C:\Java\javafx-sdk-19.0.2.1\bin\api-ms-win-core-synch-l1-1-0.dll
0x000001db9b640000 - 0x000001db9b643000 	C:\Java\javafx-sdk-19.0.2.1\bin\api-ms-win-core-synch-l1-2-0.dll
0x000001db9b650000 - 0x000001db9b653000 	C:\Java\javafx-sdk-19.0.2.1\bin\api-ms-win-core-sysinfo-l1-1-0.dll
0x000001db9b660000 - 0x000001db9b663000 	C:\Java\javafx-sdk-19.0.2.1\bin\api-ms-win-core-timezone-l1-1-0.dll
0x000001db9b670000 - 0x000001db9b673000 	C:\Java\javafx-sdk-19.0.2.1\bin\api-ms-win-core-util-l1-1-0.dll
0x000001db9b680000 - 0x000001db9b683000 	C:\Java\javafx-sdk-19.0.2.1\bin\api-ms-win-crt-conio-l1-1-0.dll
0x000001db9b690000 - 0x000001db9b694000 	C:\Java\javafx-sdk-19.0.2.1\bin\api-ms-win-crt-convert-l1-1-0.dll
0x000001db9b6a0000 - 0x000001db9b6a3000 	C:\Java\javafx-sdk-19.0.2.1\bin\api-ms-win-crt-environment-l1-1-0.dll
0x000001db9b6b0000 - 0x000001db9b6b3000 	C:\Java\javafx-sdk-19.0.2.1\bin\api-ms-win-crt-filesystem-l1-1-0.dll
0x000001db9b6c0000 - 0x000001db9b6c3000 	C:\Java\javafx-sdk-19.0.2.1\bin\api-ms-win-crt-heap-l1-1-0.dll
0x000001db9b6d0000 - 0x000001db9b6d3000 	C:\Java\javafx-sdk-19.0.2.1\bin\api-ms-win-crt-locale-l1-1-0.dll
0x000001db9b6e0000 - 0x000001db9b6e5000 	C:\Java\javafx-sdk-19.0.2.1\bin\api-ms-win-crt-math-l1-1-0.dll
0x000001db9b6f0000 - 0x000001db9b6f5000 	C:\Java\javafx-sdk-19.0.2.1\bin\api-ms-win-crt-multibyte-l1-1-0.dll
0x000001db9b700000 - 0x000001db9b710000 	C:\Java\javafx-sdk-19.0.2.1\bin\api-ms-win-crt-private-l1-1-0.dll
0x000001db9b710000 - 0x000001db9b713000 	C:\Java\javafx-sdk-19.0.2.1\bin\api-ms-win-crt-process-l1-1-0.dll
0x000001db9b720000 - 0x000001db9b724000 	C:\Java\javafx-sdk-19.0.2.1\bin\api-ms-win-crt-runtime-l1-1-0.dll
0x000001db9b730000 - 0x000001db9b734000 	C:\Java\javafx-sdk-19.0.2.1\bin\api-ms-win-crt-stdio-l1-1-0.dll
0x000001db9b740000 - 0x000001db9b744000 	C:\Java\javafx-sdk-19.0.2.1\bin\api-ms-win-crt-string-l1-1-0.dll
0x000001db9b750000 - 0x000001db9b753000 	C:\Java\javafx-sdk-19.0.2.1\bin\api-ms-win-crt-time-l1-1-0.dll
0x000001db9b760000 - 0x000001db9b763000 	C:\Java\javafx-sdk-19.0.2.1\bin\api-ms-win-crt-utility-l1-1-0.dll
0x00007ff8f1680000 - 0x00007ff8f177c000 	C:\Java\javafx-sdk-19.0.2.1\bin\ucrtbase.dll
0x00007ff914ef0000 - 0x00007ff914f0b000 	C:\Java\javafx-sdk-19.0.2.1\bin\vcruntime140.dll
0x00007ff914ee0000 - 0x00007ff914eec000 	C:\Java\javafx-sdk-19.0.2.1\bin\vcruntime140_1.dll
0x00007ff8f15f0000 - 0x00007ff8f167e000 	C:\Java\javafx-sdk-19.0.2.1\bin\msvcp140.dll
0x00007ff914ce0000 - 0x00007ff914ce9000 	C:\Java\javafx-sdk-19.0.2.1\bin\msvcp140_1.dll
0x00007ff8fc120000 - 0x00007ff8fc150000 	C:\Java\javafx-sdk-19.0.2.1\bin\msvcp140_2.dll
0x00007ff8f0110000 - 0x00007ff8f013c000 	C:\Java\javafx-sdk-19.0.2.1\bin\prism_d3d.dll
0x00007ff911ea0000 - 0x00007ff912049000 	C:\WINDOWS\system32\d3d9.dll
0x00007ff9234e0000 - 0x00007ff92350b000 	C:\WINDOWS\SYSTEM32\dwmapi.dll
0x00007ff923890000 - 0x00007ff9238c6000 	C:\WINDOWS\SYSTEM32\dxcore.dll
0x00007ff9229a0000 - 0x00007ff922a4b000 	C:\WINDOWS\system32\uxtheme.dll
0x00007ff8e6fa0000 - 0x00007ff8e716d000 	C:\WINDOWS\System32\DriverStore\FileRepository\iigd_dch.inf_amd64_7d6ad0397c5dc3fd\igdumdim64.dll
0x00007ff91a8e0000 - 0x00007ff91aa00000 	C:\WINDOWS\System32\DriverStore\FileRepository\iigd_dch.inf_amd64_7d6ad0397c5dc3fd\igdgmm64.dll
0x00007ff8d0ec0000 - 0x00007ff8d4ad1000 	C:\WINDOWS\System32\DriverStore\FileRepository\iigd_dch.inf_amd64_7d6ad0397c5dc3fd\igd9dxva64.dll
0x00007ff927c50000 - 0x00007ff927dec000 	C:\WINDOWS\System32\OLE32.dll
0x00007ff91ea40000 - 0x00007ff91ea89000 	C:\WINDOWS\SYSTEM32\directxdatabasehelper.dll
0x00007ff8f00c0000 - 0x00007ff8f0102000 	C:\Java\javafx-sdk-19.0.2.1\bin\glass.dll
0x00007ff928d20000 - 0x00007ff928e17000 	C:\WINDOWS\System32\COMDLG32.dll
0x00007ff9274c0000 - 0x00007ff9275de000 	C:\WINDOWS\System32\MSCTF.dll
0x00007ff8d4b40000 - 0x00007ff8d4b61000 	C:\WINDOWS\System32\DriverStore\FileRepository\iigd_dch.inf_amd64_7d6ad0397c5dc3fd\igdinfo64.dll
0x00007ff918580000 - 0x00007ff91a8e0000 	C:\WINDOWS\System32\DriverStore\FileRepository\iigd_dch.inf_amd64_7d6ad0397c5dc3fd\igc64.dll
0x00007ff8fc2f0000 - 0x00007ff8fc304000 	C:\Java\javafx-sdk-19.0.2.1\bin\javafx_font.dll
0x00007ff923ea0000 - 0x00007ff924107000 	C:\WINDOWS\SYSTEM32\dwrite.dll
0x00007ff929070000 - 0x00007ff929120000 	C:\WINDOWS\System32\clbcatq.dll
0x00007ff91fb50000 - 0x00007ff91fd00000 	C:\WINDOWS\SYSTEM32\WindowsCodecs.dll
0x00007ff9077e0000 - 0x00007ff90783e000 	C:\WINDOWS\system32\dataexchange.dll
0x00007ff91cb40000 - 0x00007ff91cdaa000 	C:\WINDOWS\system32\twinapi.appcore.dll
0x00007ff8ed1d0000 - 0x00007ff8ed202000 	C:\Program Files\Common Files\Microsoft Shared\Ink\rtscom.dll
0x00007ff9116a0000 - 0x00007ff9117ce000 	C:\WINDOWS\SYSTEM32\textinputframework.dll
0x00007ff9208c0000 - 0x00007ff9209f3000 	C:\WINDOWS\SYSTEM32\CoreMessaging.dll
0x00007ff91e1d0000 - 0x00007ff91e53c000 	C:\WINDOWS\SYSTEM32\CoreUIComponents.dll
0x00007ff926210000 - 0x00007ff92621c000 	C:\WINDOWS\SYSTEM32\CRYPTBASE.DLL
0x00007ff916710000 - 0x00007ff916720000 	C:\Users\brayn\.jdks\openjdk-19.0.2\bin\verify.dll
0x0000000180000000 - 0x0000000180025000 	C:\Users\brayn\OneDrive\Desktop\Minesweeper\mfz-rxtx-2.2-20081207-win-x64\mfz-rxtx-2.2-20081207-win-x64\rxtxSerial.dll

dbghelp: loaded successfully - version: 4.0.5 - missing functions: none
symbol engine: initialized successfully - sym options: 0x614 - pdb path: .;C:\Users\brayn\.jdks\openjdk-19.0.2\bin;C:\WINDOWS\SYSTEM32;C:\WINDOWS\WinSxS\amd64_microsoft.windows.common-controls_6595b64144ccf1df_6.0.22621.608_none_a9444ca7c10bb01d;C:\Users\brayn\.jdks\openjdk-19.0.2\bin\server;C:\Program Files\JetBrains\IntelliJ IDEA 2022.3.2\bin;C:\Java\javafx-sdk-19.0.2.1\bin;C:\WINDOWS\System32\DriverStore\FileRepository\iigd_dch.inf_amd64_7d6ad0397c5dc3fd;C:\Program Files\Common Files\Microsoft Shared\Ink;C:\Users\brayn\OneDrive\Desktop\Minesweeper\mfz-rxtx-2.2-20081207-win-x64\mfz-rxtx-2.2-20081207-win-x64

VM Arguments:
jvm_args: --module-path=C:\Java\javafx-sdk-19.0.2.1/lib --add-modules=javafx.controls,javafx.fxml -Djava.library.path=C:\Users\brayn\OneDrive\Desktop\Minesweeper\mfz-rxtx-2.2-20081207-win-x64\mfz-rxtx-2.2-20081207-win-x64 -javaagent:C:\Program Files\JetBrains\IntelliJ IDEA 2022.3.2\lib\idea_rt.jar=61807:C:\Program Files\JetBrains\IntelliJ IDEA 2022.3.2\bin -Dfile.encoding=UTF-8 -Dsun.stdout.encoding=UTF-8 -Dsun.stderr.encoding=UTF-8 
java_command: Main
java_class_path (initial): C:\Users\brayn\OneDrive\Desktop\Minesweeper\mineeswiper\out\production\mineeswiper;C:\Java\javafx-sdk-19.0.2.1\lib\javafx-swt.jar;C:\Java\javafx-sdk-19.0.2.1\lib\javafx.web.jar;C:\Java\javafx-sdk-19.0.2.1\lib\javafx.base.jar;C:\Java\javafx-sdk-19.0.2.1\lib\javafx.fxml.jar;C:\Java\javafx-sdk-19.0.2.1\lib\javafx.media.jar;C:\Java\javafx-sdk-19.0.2.1\lib\javafx.swing.jar;C:\Java\javafx-sdk-19.0.2.1\lib\javafx.controls.jar;C:\Java\javafx-sdk-19.0.2.1\lib\javafx.graphics.jar;C:\Users\brayn\OneDrive\Desktop\Minesweeper\mfz-rxtx-2.2-20081207-win-x64\mfz-rxtx-2.2-20081207-win-x64\RXTXcomm.jar
Launcher Type: SUN_STANDARD

[Global flags]
     intx CICompilerCount                          = 4                                         {product} {ergonomic}
     uint ConcGCThreads                            = 2                                         {product} {ergonomic}
     uint G1ConcRefinementThreads                  = 8                                         {product} {ergonomic}
   size_t G1HeapRegionSize                         = 2097152                                   {product} {ergonomic}
    uintx GCDrainStackTargetSize                   = 64                                        {product} {ergonomic}
   size_t InitialHeapSize                          = 266338304                                 {product} {ergonomic}
   size_t MarkStackSize                            = 4194304                                   {product} {ergonomic}
   size_t MaxHeapSize                              = 4253024256                                {product} {ergonomic}
   size_t MaxNewSize                               = 2550136832                                {product} {ergonomic}
   size_t MinHeapDeltaBytes                        = 2097152                                   {product} {ergonomic}
   size_t MinHeapSize                              = 8388608                                   {product} {ergonomic}
    uintx NonNMethodCodeHeapSize                   = 5839372                                {pd product} {ergonomic}
    uintx NonProfiledCodeHeapSize                  = 122909434                              {pd product} {ergonomic}
    uintx ProfiledCodeHeapSize                     = 122909434                              {pd product} {ergonomic}
    uintx ReservedCodeCacheSize                    = 251658240                              {pd product} {ergonomic}
     bool SegmentedCodeCache                       = true                                      {product} {ergonomic}
   size_t SoftMaxHeapSize                          = 4253024256                             {manageable} {ergonomic}
     bool UseCompressedClassPointers               = true                           {product lp64_product} {ergonomic}
     bool UseCompressedOops                        = true                           {product lp64_product} {ergonomic}
     bool UseG1GC                                  = true                                      {product} {ergonomic}
     bool UseLargePagesIndividualAllocation        = false                                  {pd product} {ergonomic}

Logging:
Log output configuration:
 #0: stdout all=warning uptime,level,tags foldmultilines=false
 #1: stderr all=off uptime,level,tags foldmultilines=false

Environment Variables:
PATH=C:\Program Files (x86)\Common Files\Oracle\Java\javapath;C:\WINDOWS\system32;C:\WINDOWS;C:\WINDOWS\System32\Wbem;C:\WINDOWS\System32\WindowsPowerShell\v1.0\;C:\WINDOWS\System32\OpenSSH\;C:\Program Files\Git\cmd;C:\Program Files\NVIDIA Corporation\NVIDIA NvDLISR;C:\WINDOWS\system32;C:\WINDOWS;C:\WINDOWS\System32\Wbem;C:\WINDOWS\System32\WindowsPowerShell\v1.0\;C:\WINDOWS\System32\OpenSSH\;C:\Program Files (x86)\NVIDIA Corporation\PhysX\Common;C:\Users\brayn\AppData\Local\Microsoft\WindowsApps;C:\Users\brayn\AppData\Local\Programs\Microsoft VS Code\bin;C:\Users\brayn\AppData\Local\GitHubDesktop\bin;
USERNAME=brayn
OS=Windows_NT
PROCESSOR_IDENTIFIER=Intel64 Family 6 Model 158 Stepping 10, GenuineIntel
TMP=C:\Users\brayn\AppData\Local\Temp
TEMP=C:\Users\brayn\AppData\Local\Temp



---------------  S Y S T E M  ---------------

OS:
 Windows 11 , 64 bit Build 22621 (10.0.22621.1344)
OS uptime: 2 days 11:34 hours

CPU: total 8 (initial active 8) (4 cores per cpu, 2 threads per core) family 6 model 158 stepping 10 microcode 0xde, cx8, cmov, fxsr, ht, mmx, 3dnowpref, sse, sse2, sse3, ssse3, sse4.1, sse4.2, popcnt, lzcnt, tsc, tscinvbit, avx, avx2, aes, erms, clmul, bmi1, bmi2, adx, fma, vzeroupper, clflush, clflushopt, rdtscp

Memory: 4k page, system-wide physical 16221M (6729M free)
TotalPageFile size 18653M (AvailPageFile size 6368M)
current process WorkingSet (physical memory assigned to process): 171M, peak: 171M
current process commit charge ("private bytes"): 421M, peak: 422M

vm_info: OpenJDK 64-Bit Server VM (19.0.2+7-44) for windows-amd64 JRE (19.0.2+7-44), built on 2022-11-30T18:02:09Z by "mach5one" with MS VC++ 17.1 (VS2022)

END.
