#
# A fatal error has been detected by the Java Runtime Environment:
#
#  EXCEPTION_ACCESS_VIOLATION (0xc0000005) at pc=0x0000000180005b00, pid=10308, tid=4120
#
# JRE version: OpenJDK Runtime Environment (19.0.2+7) (build 19.0.2+7-44)
# Java VM: OpenJDK 64-Bit Server VM (19.0.2+7-44, mixed mode, sharing, tiered, compressed oops, compressed class ptrs, g1 gc, windows-amd64)
# Problematic frame:
# C  [rxtxSerial.dll+0x5b00]
#
# No core dump will be written. Minidumps are not enabled by default on client versions of Windows
#
# If you would like to submit a bug report, please visit:
#   https://bugreport.java.com/bugreport/crash.jsp
# The crash happened outside the Java Virtual Machine in native code.
# See problematic frame for where to report the bug.
#

---------------  S U M M A R Y ------------

Command Line: --module-path=C:\Java\javafx-sdk-19.0.2.1/lib --add-modules=javafx.controls,javafx.fxml -Djava.library.path=C:\Users\brayn\Downloads\mfz-rxtx-2.2-20081207-win-x64\mfz-rxtx-2.2-20081207-win-x64 -javaagent:C:\Program Files\JetBrains\IntelliJ IDEA 2022.3.2\lib\idea_rt.jar=61266:C:\Program Files\JetBrains\IntelliJ IDEA 2022.3.2\bin -Dfile.encoding=UTF-8 -Dsun.stdout.encoding=UTF-8 -Dsun.stderr.encoding=UTF-8 Main

Host: Intel(R) Core(TM) i5-9300H CPU @ 2.40GHz, 8 cores, 15G,  Windows 11 , 64 bit Build 22621 (10.0.22621.1344)
Time: Wed Apr  5 19:13:27 2023 Hora estándar, América Central elapsed time: 2.532179 seconds (0d 0h 0m 2s)

---------------  T H R E A D  ---------------

Current thread (0x0000026bce9d1080):  JavaThread "Thread-4" [_thread_in_native, id=4120, stack(0x000000c4d9300000,0x000000c4d9400000)]

Stack: [0x000000c4d9300000,0x000000c4d9400000],  sp=0x000000c4d93fed40,  free space=1019k
Native frames: (J=compiled Java code, j=interpreted, Vv=VM code, C=native code)
C  [rxtxSerial.dll+0x5b00]

Java frames: (J=compiled Java code, j=interpreted, Vv=VM code)
j  gnu.io.RXTXPort.readArray([BII)I+0
j  gnu.io.RXTXPort$SerialInputStream.read([BII)I+212
j  gnu.io.RXTXPort$SerialInputStream.read([B)I+60
j  SerialReader.run()V+13
j  java.lang.Thread.run()V+13 java.base@19.0.2
v  ~StubRoutines::call_stub 0x0000026bb499100e

siginfo: EXCEPTION_ACCESS_VIOLATION (0xc0000005), reading address 0xffffffffd7cff0b8


Registers:
RAX=0x0000000000000001, RBX=0x0000000000000000, RCX=0x000000018001d4d5, RDX=0xfffffffffffff665
RSP=0x000000c4d93fed40, RBP=0x00000000ffffffff, RSI=0x0000000000000000, RDI=0x0000026bce9d1360
R8 =0x0000000000000002, R9 =0xfffffffffffff63c, R10=0x00007ff8e36e6230, R11=0x8101010101010100
R12=0xffffffffd7cff0b0, R13=0x0000000000000001, R14=0x000000c4d93fef30, R15=0x0000000000000000
RIP=0x0000000180005b00, EFLAGS=0x0000000000010202


Register to memory mapping:

RIP=0x0000000180005b00 rxtxSerial.dll
RAX=0x0000000000000001 is an unknown value
RBX=0x0 is NULL
RCX=0x000000018001d4d5 rxtxSerial.dll
RDX=0xfffffffffffff665 is an unknown value
RSP=0x000000c4d93fed40 is pointing into the stack for thread: 0x0000026bce9d1080
RBP=0x00000000ffffffff is an unknown value
RSI=0x0 is NULL
RDI=0x0000026bce9d1360 points into unknown readable memory: 0x00007ff8e364f9a0 | a0 f9 64 e3 f8 7f 00 00
R8 =0x0000000000000002 is an unknown value
R9 =0xfffffffffffff63c is an unknown value
R10=0x00007ff8e36e6230 jvm.dll
R11=0x8101010101010100 is an unknown value
R12=0xffffffffd7cff0b0 is an unknown value
R13=0x0000000000000001 is an unknown value
R14=0x000000c4d93fef30 is pointing into the stack for thread: 0x0000026bce9d1080
R15=0x0 is NULL


Top of Stack: (sp=0x000000c4d93fed40)
0x000000c4d93fed40:   0000000000000000 0000000000000000
0x000000c4d93fed50:   0000000000000000 00007ff8e2f31d7f
0x000000c4d93fed60:   0000000000000000 000000c4d93fef30
0x000000c4d93fed70:   0000026bc9f9bab8 0000000000000001
0x000000c4d93fed80:   0000026bce9d1360 0000000000000001
0x000000c4d93fed90:   ffffffffffffffff 0000000180006211
0x000000c4d93feda0:   0000026bce4dff10 000000c4d93fef30
0x000000c4d93fedb0:   0000000000000001 0000026bce4dff10
0x000000c4d93fedc0:   0000026b00000001 000000c4ffffffff
0x000000c4d93fedd0:   000000c4d93fef38 0000026bb49ab8aa
0x000000c4d93fede0:   0000026bb49ab8aa 0000026bc9f9bab8
0x000000c4d93fedf0:   000000c4d93fef00 00007ff8e2ecd095
0x000000c4d93fee00:   0000026bb49ab8aa 00000000000155b4
0x000000c4d93fee10:   0000026bce9d1080 0000693d15536372
0x000000c4d93fee20:   0000026bc9f9bac0 0000026bc9f9bab8
0x000000c4d93fee30:   0000026bce9d1080 000000c4d93fef38 

Instructions: (pc=0x0000000180005b00)
0x0000000180005a00:   5d c3 cc cc cc cc cc cc cc cc cc cc cc cc cc cc
0x0000000180005a10:   48 89 5c 24 08 4c 89 4c 24 20 44 89 44 24 18 55
0x0000000180005a20:   56 57 41 54 41 55 41 56 41 57 48 83 ec 20 48 8b
0x0000000180005a30:   2a 48 8b 01 33 db 48 8b d5 48 8b f9 44 8b fb 8b
0x0000000180005a40:   f3 ff 90 f8 00 00 00 4c 8d 0d 9e 70 01 00 4c 8b
0x0000000180005a50:   e0 48 8b 07 4c 8d 05 b5 70 01 00 49 8b d4 48 8b
0x0000000180005a60:   cf ff 90 f0 02 00 00 48 8b cf 4c 8b c0 48 85 c0
0x0000000180005a70:   48 8b 07 75 28 ff 90 80 00 00 00 4c 8b 1f 48 8b
0x0000000180005a80:   cf 41 ff 93 88 00 00 00 4c 8b 1f 49 8b d4 48 8b
0x0000000180005a90:   cf 41 ff 93 b8 00 00 00 4c 8b e3 eb 54 48 8b d5
0x0000000180005aa0:   ff 90 20 03 00 00 49 8b d4 48 8b cf 48 63 e8 48
0x0000000180005ab0:   8b 07 ff 90 b8 00 00 00 48 8d 15 51 70 01 00 48
0x0000000180005ac0:   8d 0d 0e 7a 01 00 41 b8 02 00 00 00 e8 6f 62 00
0x0000000180005ad0:   00 85 c0 75 19 85 ed 75 15 e8 c2 5e 00 00 48 8d
0x0000000180005ae0:   15 23 7a 01 00 48 8d 48 60 e8 3a 5d 00 00 4c 8b
0x0000000180005af0:   e5 8b ac 24 88 00 00 00 44 8b ac 24 80 00 00 00
0x0000000180005b00:   45 8b 74 24 08 41 89 5c 24 08 41 8b fd 85 ed 78
0x0000000180005b10:   09 ff 15 e9 14 01 00 44 8b f8 45 85 ed 7e 4a 90
0x0000000180005b20:   8b c6 ff c6 83 f8 14 7d 40 85 ed 78 0d ff 15 cd
0x0000000180005b30:   14 01 00 41 2b c7 3b c5 7d 2f 8b 4c 24 70 48 63
0x0000000180005b40:   d3 44 8b c7 48 03 54 24 78 e8 a2 31 00 00 85 c0
0x0000000180005b50:   78 33 74 06 03 d8 2b f8 eb 0a b9 e8 03 00 00 e8
0x0000000180005b60:   1c 1c 00 00 41 3b dd 7c b7 8b c3 45 89 74 24 08
0x0000000180005b70:   48 8b 5c 24 60 48 83 c4 20 41 5f 41 5e 41 5d 41
0x0000000180005b80:   5c 5f 5e 5d c3 e8 1e 61 00 00 83 38 04 74 05 e8
0x0000000180005b90:   14 61 00 00 83 c8 ff eb d2 cc cc cc cc cc cc cc
0x0000000180005ba0:   40 53 55 56 57 41 54 41 55 48 81 ec b8 00 00 00
0x0000000180005bb0:   48 8b 05 71 85 01 00 48 33 c4 48 89 84 24 a0 00
0x0000000180005bc0:   00 00 48 8b 01 45 8b e9 41 8b f8 48 8b f2 48 8b
0x0000000180005bd0:   d9 ff 90 f8 00 00 00 4c 8b 13 4c 8d 0d 33 6f 01
0x0000000180005be0:   00 4c 8d 05 7c 6f 01 00 48 8b d0 48 8b cb 4c 8b
0x0000000180005bf0:   e0 41 ff 92 f0 02 00 00 33 ed 48 8b cb 4c 8b c0 


Stack slot to memory mapping:
stack at sp + 0 slots: 0x0 is NULL
stack at sp + 1 slots: 0x0 is NULL
stack at sp + 2 slots: 0x0 is NULL
stack at sp + 3 slots: 0x00007ff8e2f31d7f jvm.dll
stack at sp + 4 slots: 0x0 is NULL
stack at sp + 5 slots: 0x000000c4d93fef30 is pointing into the stack for thread: 0x0000026bce9d1080
stack at sp + 6 slots: 0x0000026bc9f9bab8 is pointing into metadata
stack at sp + 7 slots: 0x0000000000000001 is an unknown value


---------------  P R O C E S S  ---------------

Threads class SMR info:
_java_thread_list=0x0000026bcebd0bb0, length=25, elements={
0x0000026ba3d3b8c0, 0x0000026bc90447d0, 0x0000026bc90452a0, 0x0000026bc9049d90,
0x0000026bc904c950, 0x0000026bc904f430, 0x0000026bc9050d70, 0x0000026bc9056ee0,
0x0000026bc905f860, 0x0000026bc90601d0, 0x0000026bc90199b0, 0x0000026bcdd2fcc0,
0x0000026bcd94aad0, 0x0000026bcd722290, 0x0000026bcd9eaca0, 0x0000026bce10f5e0,
0x0000026bce9470f0, 0x0000026bce9d2070, 0x0000026bce9d3060, 0x0000026bce9d25c0,
0x0000026bcec7c1c0, 0x0000026bce9d45a0, 0x0000026bce9d1080, 0x0000026bce9d15d0,
0x0000026bce9d35b0
}

Java Threads: ( => current thread )
  0x0000026ba3d3b8c0 JavaThread "main" [_thread_blocked, id=16828, stack(0x000000c4d6a00000,0x000000c4d6b00000)]
  0x0000026bc90447d0 JavaThread "Reference Handler" daemon [_thread_blocked, id=5600, stack(0x000000c4d7100000,0x000000c4d7200000)]
  0x0000026bc90452a0 JavaThread "Finalizer" daemon [_thread_blocked, id=16076, stack(0x000000c4d7200000,0x000000c4d7300000)]
  0x0000026bc9049d90 JavaThread "Signal Dispatcher" daemon [_thread_blocked, id=9780, stack(0x000000c4d7300000,0x000000c4d7400000)]
  0x0000026bc904c950 JavaThread "Attach Listener" daemon [_thread_blocked, id=6700, stack(0x000000c4d7400000,0x000000c4d7500000)]
  0x0000026bc904f430 JavaThread "Service Thread" daemon [_thread_blocked, id=13940, stack(0x000000c4d7500000,0x000000c4d7600000)]
  0x0000026bc9050d70 JavaThread "Monitor Deflation Thread" daemon [_thread_blocked, id=10808, stack(0x000000c4d7600000,0x000000c4d7700000)]
  0x0000026bc9056ee0 JavaThread "C2 CompilerThread0" daemon [_thread_in_native, id=2720, stack(0x000000c4d7700000,0x000000c4d7800000)]
  0x0000026bc905f860 JavaThread "C1 CompilerThread0" daemon [_thread_blocked, id=17796, stack(0x000000c4d7800000,0x000000c4d7900000)]
  0x0000026bc90601d0 JavaThread "Sweeper thread" daemon [_thread_blocked, id=15240, stack(0x000000c4d7900000,0x000000c4d7a00000)]
  0x0000026bc90199b0 JavaThread "Common-Cleaner" daemon [_thread_blocked, id=12616, stack(0x000000c4d7a00000,0x000000c4d7b00000)]
  0x0000026bcdd2fcc0 JavaThread "Monitor Ctrl-Break" daemon [_thread_in_native, id=12952, stack(0x000000c4d7d00000,0x000000c4d7e00000)]
  0x0000026bcd94aad0 JavaThread "Notification Thread" daemon [_thread_blocked, id=5772, stack(0x000000c4d7e00000,0x000000c4d7f00000)]
  0x0000026bcd722290 JavaThread "QuantumRenderer-0" daemon [_thread_blocked, id=14072, stack(0x000000c4d8000000,0x000000c4d8100000)]
  0x0000026bcd9eaca0 JavaThread "InvokeLaterDispatcher" daemon [_thread_blocked, id=12800, stack(0x000000c4d8100000,0x000000c4d8200000)]
  0x0000026bce10f5e0 JavaThread "JavaFX Application Thread" [_thread_in_native, id=8424, stack(0x000000c4d8200000,0x000000c4d8300000)]
  0x0000026bce9470f0 JavaThread "JavaFX-Launcher" [_thread_blocked, id=3352, stack(0x000000c4d8700000,0x000000c4d8800000)]
  0x0000026bce9d2070 JavaThread "Thread-2" daemon [_thread_in_native, id=2844, stack(0x000000c4d8600000,0x000000c4d8700000)]
  0x0000026bce9d3060 JavaThread "Prism Font Disposer" daemon [_thread_blocked, id=14348, stack(0x000000c4d9000000,0x000000c4d9100000)]
  0x0000026bce9d25c0 JavaThread "Cleaner-0" daemon [_thread_blocked, id=848, stack(0x000000c4d9200000,0x000000c4d9300000)]
  0x0000026bcec7c1c0 JavaThread "C2 CompilerThread1" daemon [_thread_blocked, id=17780, stack(0x000000c4d7b00000,0x000000c4d7c00000)]
  0x0000026bce9d45a0 JavaThread "Thread-3" [_thread_in_native, id=6360, stack(0x000000c4d7c00000,0x000000c4d7d00000)]
=>0x0000026bce9d1080 JavaThread "Thread-4" [_thread_in_native, id=4120, stack(0x000000c4d9300000,0x000000c4d9400000)]
  0x0000026bce9d15d0 JavaThread "Thread-5" [_thread_in_native, id=14548, stack(0x000000c4d9400000,0x000000c4d9500000)]
  0x0000026bce9d35b0 JavaThread "Timer-0" [_thread_blocked, id=8444, stack(0x000000c4d9500000,0x000000c4d9600000)]

Other Threads:
  0x0000026bc902c590 VMThread "VM Thread" [stack: 0x000000c4d7000000,0x000000c4d7100000] [id=17928]
  0x0000026bcd94b010 WatcherThread "VM Periodic Task Thread" [stack: 0x000000c4d7f00000,0x000000c4d8000000] [id=18208]
  0x0000026ba3dab2a0 WorkerThread "GC Thread#0" [stack: 0x000000c4d6b00000,0x000000c4d6c00000] [id=9588]
  0x0000026bce9ecc80 WorkerThread "GC Thread#1" [stack: 0x000000c4d8800000,0x000000c4d8900000] [id=8756]
  0x0000026bce8d5830 WorkerThread "GC Thread#2" [stack: 0x000000c4d8900000,0x000000c4d8a00000] [id=15516]
  0x0000026bcda81280 WorkerThread "GC Thread#3" [stack: 0x000000c4d8a00000,0x000000c4d8b00000] [id=4848]
  0x0000026bcda801a0 WorkerThread "GC Thread#4" [stack: 0x000000c4d8b00000,0x000000c4d8c00000] [id=12324]
  0x0000026bcda7fc00 WorkerThread "GC Thread#5" [stack: 0x000000c4d8c00000,0x000000c4d8d00000] [id=2124]
  0x0000026ba3dbd0a0 ConcurrentGCThread "G1 Main Marker" [stack: 0x000000c4d6c00000,0x000000c4d6d00000] [id=9092]
  0x0000026ba3dbe080 WorkerThread "G1 Conc#0" [stack: 0x000000c4d6d00000,0x000000c4d6e00000] [id=16148]
  0x0000026ba3dfe490 ConcurrentGCThread "G1 Refine#0" [stack: 0x000000c4d6e00000,0x000000c4d6f00000] [id=8900]
  0x0000026ba3dfec80 ConcurrentGCThread "G1 Service" [stack: 0x000000c4d6f00000,0x000000c4d7000000] [id=4276]

Threads with active compile tasks:
C2 CompilerThread0     2720 2239 %     4       com.sun.marlin.Renderer::_endRendering @ 763 (2473 bytes)

VM state: not at safepoint (normal execution)

VM Mutex/Monitor currently owned by a thread: None

Heap address: 0x0000000702800000, size: 4056 MB, Compressed Oops mode: Zero based, Oop shift amount: 3

CDS archive(s) mapped at: [0x0000000800000000-0x0000000800c40000-0x0000000800c40000), size 12845056, SharedBaseAddress: 0x0000000800000000, ArchiveRelocationMode: 0.
Compressed class space mapped at: 0x0000000801000000-0x0000000841000000, reserved size: 1073741824
Narrow klass base: 0x0000000800000000, Narrow klass shift: 0, Narrow klass range: 0x100000000

GC Precious Log:
 CardTable entry size: 512
 Card Set container configuration: InlinePtr #cards 4 size 8 Array Of Cards #cards 16 size 48 Howl #buckets 8 coarsen threshold 3686 Howl Bitmap #cards 512 size 80 coarsen threshold 460 Card regions per heap region 1 cards per card region 4096
 CPUs: 8 total, 8 available
 Memory: 16221M
 Large Page Support: Disabled
 NUMA Support: Disabled
 Compressed Oops: Enabled (Zero based)
 Heap Region Size: 2M
 Heap Min Capacity: 8M
 Heap Initial Capacity: 254M
 Heap Max Capacity: 4056M
 Pre-touch: Disabled
 Parallel Workers: 8
 Concurrent Workers: 2
 Concurrent Refinement Workers: 8
 Periodic GC: Disabled

Heap:
 garbage-first heap   total 260096K, used 35797K [0x0000000702800000, 0x0000000800000000)
  region size 2048K, 19 young (38912K), 2 survivors (4096K)
 Metaspace       used 13894K, committed 14144K, reserved 1114112K
  class space    used 1847K, committed 1984K, reserved 1048576K

Heap Regions: E=young(eden), S=young(survivor), O=old, HS=humongous(starts), HC=humongous(continues), CS=collection set, F=free, OA=open archive, CA=closed archive, TAMS=top-at-mark-start (previous, next)
|   0|0x0000000702800000, 0x0000000702a00000, 0x0000000702a00000|100%|HS|  |TAMS 0x0000000702800000, 0x0000000702800000| Complete 
|   1|0x0000000702a00000, 0x0000000702a00000, 0x0000000702c00000|  0%| F|  |TAMS 0x0000000702a00000, 0x0000000702a00000| Untracked 
|   2|0x0000000702c00000, 0x0000000702c00000, 0x0000000702e00000|  0%| F|  |TAMS 0x0000000702c00000, 0x0000000702c00000| Untracked 
|   3|0x0000000702e00000, 0x0000000702e00000, 0x0000000703000000|  0%| F|  |TAMS 0x0000000702e00000, 0x0000000702e00000| Untracked 
|   4|0x0000000703000000, 0x0000000703000000, 0x0000000703200000|  0%| F|  |TAMS 0x0000000703000000, 0x0000000703000000| Untracked 
|   5|0x0000000703200000, 0x0000000703200000, 0x0000000703400000|  0%| F|  |TAMS 0x0000000703200000, 0x0000000703200000| Untracked 
|   6|0x0000000703400000, 0x0000000703400000, 0x0000000703600000|  0%| F|  |TAMS 0x0000000703400000, 0x0000000703400000| Untracked 
|   7|0x0000000703600000, 0x0000000703600000, 0x0000000703800000|  0%| F|  |TAMS 0x0000000703600000, 0x0000000703600000| Untracked 
|   8|0x0000000703800000, 0x0000000703800000, 0x0000000703a00000|  0%| F|  |TAMS 0x0000000703800000, 0x0000000703800000| Untracked 
|   9|0x0000000703a00000, 0x0000000703a00000, 0x0000000703c00000|  0%| F|  |TAMS 0x0000000703a00000, 0x0000000703a00000| Untracked 
|  10|0x0000000703c00000, 0x0000000703c00000, 0x0000000703e00000|  0%| F|  |TAMS 0x0000000703c00000, 0x0000000703c00000| Untracked 
|  11|0x0000000703e00000, 0x0000000703e00000, 0x0000000704000000|  0%| F|  |TAMS 0x0000000703e00000, 0x0000000703e00000| Untracked 
|  12|0x0000000704000000, 0x0000000704000000, 0x0000000704200000|  0%| F|  |TAMS 0x0000000704000000, 0x0000000704000000| Untracked 
|  13|0x0000000704200000, 0x0000000704200000, 0x0000000704400000|  0%| F|  |TAMS 0x0000000704200000, 0x0000000704200000| Untracked 
|  14|0x0000000704400000, 0x0000000704400000, 0x0000000704600000|  0%| F|  |TAMS 0x0000000704400000, 0x0000000704400000| Untracked 
|  15|0x0000000704600000, 0x0000000704600000, 0x0000000704800000|  0%| F|  |TAMS 0x0000000704600000, 0x0000000704600000| Untracked 
|  16|0x0000000704800000, 0x0000000704800000, 0x0000000704a00000|  0%| F|  |TAMS 0x0000000704800000, 0x0000000704800000| Untracked 
|  17|0x0000000704a00000, 0x0000000704a00000, 0x0000000704c00000|  0%| F|  |TAMS 0x0000000704a00000, 0x0000000704a00000| Untracked 
|  18|0x0000000704c00000, 0x0000000704c00000, 0x0000000704e00000|  0%| F|  |TAMS 0x0000000704c00000, 0x0000000704c00000| Untracked 
|  19|0x0000000704e00000, 0x0000000704e00000, 0x0000000705000000|  0%| F|  |TAMS 0x0000000704e00000, 0x0000000704e00000| Untracked 
|  20|0x0000000705000000, 0x0000000705000000, 0x0000000705200000|  0%| F|  |TAMS 0x0000000705000000, 0x0000000705000000| Untracked 
|  21|0x0000000705200000, 0x0000000705200000, 0x0000000705400000|  0%| F|  |TAMS 0x0000000705200000, 0x0000000705200000| Untracked 
|  22|0x0000000705400000, 0x0000000705400000, 0x0000000705600000|  0%| F|  |TAMS 0x0000000705400000, 0x0000000705400000| Untracked 
|  23|0x0000000705600000, 0x0000000705600000, 0x0000000705800000|  0%| F|  |TAMS 0x0000000705600000, 0x0000000705600000| Untracked 
|  24|0x0000000705800000, 0x0000000705800000, 0x0000000705a00000|  0%| F|  |TAMS 0x0000000705800000, 0x0000000705800000| Untracked 
|  25|0x0000000705a00000, 0x0000000705a00000, 0x0000000705c00000|  0%| F|  |TAMS 0x0000000705a00000, 0x0000000705a00000| Untracked 
|  26|0x0000000705c00000, 0x0000000705c00000, 0x0000000705e00000|  0%| F|  |TAMS 0x0000000705c00000, 0x0000000705c00000| Untracked 
|  27|0x0000000705e00000, 0x0000000705e00000, 0x0000000706000000|  0%| F|  |TAMS 0x0000000705e00000, 0x0000000705e00000| Untracked 
|  28|0x0000000706000000, 0x0000000706000000, 0x0000000706200000|  0%| F|  |TAMS 0x0000000706000000, 0x0000000706000000| Untracked 
|  29|0x0000000706200000, 0x0000000706200000, 0x0000000706400000|  0%| F|  |TAMS 0x0000000706200000, 0x0000000706200000| Untracked 
|  30|0x0000000706400000, 0x0000000706400000, 0x0000000706600000|  0%| F|  |TAMS 0x0000000706400000, 0x0000000706400000| Untracked 
|  31|0x0000000706600000, 0x0000000706600000, 0x0000000706800000|  0%| F|  |TAMS 0x0000000706600000, 0x0000000706600000| Untracked 
|  32|0x0000000706800000, 0x0000000706800000, 0x0000000706a00000|  0%| F|  |TAMS 0x0000000706800000, 0x0000000706800000| Untracked 
|  33|0x0000000706a00000, 0x0000000706a00000, 0x0000000706c00000|  0%| F|  |TAMS 0x0000000706a00000, 0x0000000706a00000| Untracked 
|  34|0x0000000706c00000, 0x0000000706c00000, 0x0000000706e00000|  0%| F|  |TAMS 0x0000000706c00000, 0x0000000706c00000| Untracked 
|  35|0x0000000706e00000, 0x0000000706e00000, 0x0000000707000000|  0%| F|  |TAMS 0x0000000706e00000, 0x0000000706e00000| Untracked 
|  36|0x0000000707000000, 0x0000000707000000, 0x0000000707200000|  0%| F|  |TAMS 0x0000000707000000, 0x0000000707000000| Untracked 
|  37|0x0000000707200000, 0x0000000707200000, 0x0000000707400000|  0%| F|  |TAMS 0x0000000707200000, 0x0000000707200000| Untracked 
|  38|0x0000000707400000, 0x0000000707400000, 0x0000000707600000|  0%| F|  |TAMS 0x0000000707400000, 0x0000000707400000| Untracked 
|  39|0x0000000707600000, 0x0000000707600000, 0x0000000707800000|  0%| F|  |TAMS 0x0000000707600000, 0x0000000707600000| Untracked 
|  40|0x0000000707800000, 0x0000000707800000, 0x0000000707a00000|  0%| F|  |TAMS 0x0000000707800000, 0x0000000707800000| Untracked 
|  41|0x0000000707a00000, 0x0000000707a00000, 0x0000000707c00000|  0%| F|  |TAMS 0x0000000707a00000, 0x0000000707a00000| Untracked 
|  42|0x0000000707c00000, 0x0000000707c00000, 0x0000000707e00000|  0%| F|  |TAMS 0x0000000707c00000, 0x0000000707c00000| Untracked 
|  43|0x0000000707e00000, 0x0000000707e00000, 0x0000000708000000|  0%| F|  |TAMS 0x0000000707e00000, 0x0000000707e00000| Untracked 
|  44|0x0000000708000000, 0x0000000708000000, 0x0000000708200000|  0%| F|  |TAMS 0x0000000708000000, 0x0000000708000000| Untracked 
|  45|0x0000000708200000, 0x0000000708200000, 0x0000000708400000|  0%| F|  |TAMS 0x0000000708200000, 0x0000000708200000| Untracked 
|  46|0x0000000708400000, 0x0000000708400000, 0x0000000708600000|  0%| F|  |TAMS 0x0000000708400000, 0x0000000708400000| Untracked 
|  47|0x0000000708600000, 0x0000000708600000, 0x0000000708800000|  0%| F|  |TAMS 0x0000000708600000, 0x0000000708600000| Untracked 
|  48|0x0000000708800000, 0x0000000708800000, 0x0000000708a00000|  0%| F|  |TAMS 0x0000000708800000, 0x0000000708800000| Untracked 
|  49|0x0000000708a00000, 0x0000000708a00000, 0x0000000708c00000|  0%| F|  |TAMS 0x0000000708a00000, 0x0000000708a00000| Untracked 
|  50|0x0000000708c00000, 0x0000000708c00000, 0x0000000708e00000|  0%| F|  |TAMS 0x0000000708c00000, 0x0000000708c00000| Untracked 
|  51|0x0000000708e00000, 0x0000000708e00000, 0x0000000709000000|  0%| F|  |TAMS 0x0000000708e00000, 0x0000000708e00000| Untracked 
|  52|0x0000000709000000, 0x0000000709000000, 0x0000000709200000|  0%| F|  |TAMS 0x0000000709000000, 0x0000000709000000| Untracked 
|  53|0x0000000709200000, 0x0000000709200000, 0x0000000709400000|  0%| F|  |TAMS 0x0000000709200000, 0x0000000709200000| Untracked 
|  54|0x0000000709400000, 0x0000000709400000, 0x0000000709600000|  0%| F|  |TAMS 0x0000000709400000, 0x0000000709400000| Untracked 
|  55|0x0000000709600000, 0x0000000709600000, 0x0000000709800000|  0%| F|  |TAMS 0x0000000709600000, 0x0000000709600000| Untracked 
|  56|0x0000000709800000, 0x0000000709800000, 0x0000000709a00000|  0%| F|  |TAMS 0x0000000709800000, 0x0000000709800000| Untracked 
|  57|0x0000000709a00000, 0x0000000709a00000, 0x0000000709c00000|  0%| F|  |TAMS 0x0000000709a00000, 0x0000000709a00000| Untracked 
|  58|0x0000000709c00000, 0x0000000709c00000, 0x0000000709e00000|  0%| F|  |TAMS 0x0000000709c00000, 0x0000000709c00000| Untracked 
|  59|0x0000000709e00000, 0x0000000709e00000, 0x000000070a000000|  0%| F|  |TAMS 0x0000000709e00000, 0x0000000709e00000| Untracked 
|  60|0x000000070a000000, 0x000000070a000000, 0x000000070a200000|  0%| F|  |TAMS 0x000000070a000000, 0x000000070a000000| Untracked 
|  61|0x000000070a200000, 0x000000070a200000, 0x000000070a400000|  0%| F|  |TAMS 0x000000070a200000, 0x000000070a200000| Untracked 
|  62|0x000000070a400000, 0x000000070a400000, 0x000000070a600000|  0%| F|  |TAMS 0x000000070a400000, 0x000000070a400000| Untracked 
|  63|0x000000070a600000, 0x000000070a600000, 0x000000070a800000|  0%| F|  |TAMS 0x000000070a600000, 0x000000070a600000| Untracked 
|  64|0x000000070a800000, 0x000000070a800000, 0x000000070aa00000|  0%| F|  |TAMS 0x000000070a800000, 0x000000070a800000| Untracked 
|  65|0x000000070aa00000, 0x000000070aa00000, 0x000000070ac00000|  0%| F|  |TAMS 0x000000070aa00000, 0x000000070aa00000| Untracked 
|  66|0x000000070ac00000, 0x000000070ac00000, 0x000000070ae00000|  0%| F|  |TAMS 0x000000070ac00000, 0x000000070ac00000| Untracked 
|  67|0x000000070ae00000, 0x000000070ae00000, 0x000000070b000000|  0%| F|  |TAMS 0x000000070ae00000, 0x000000070ae00000| Untracked 
|  68|0x000000070b000000, 0x000000070b000000, 0x000000070b200000|  0%| F|  |TAMS 0x000000070b000000, 0x000000070b000000| Untracked 
|  69|0x000000070b200000, 0x000000070b200000, 0x000000070b400000|  0%| F|  |TAMS 0x000000070b200000, 0x000000070b200000| Untracked 
|  70|0x000000070b400000, 0x000000070b400000, 0x000000070b600000|  0%| F|  |TAMS 0x000000070b400000, 0x000000070b400000| Untracked 
|  71|0x000000070b600000, 0x000000070b600000, 0x000000070b800000|  0%| F|  |TAMS 0x000000070b600000, 0x000000070b600000| Untracked 
|  72|0x000000070b800000, 0x000000070b800000, 0x000000070ba00000|  0%| F|  |TAMS 0x000000070b800000, 0x000000070b800000| Untracked 
|  73|0x000000070ba00000, 0x000000070ba00000, 0x000000070bc00000|  0%| F|  |TAMS 0x000000070ba00000, 0x000000070ba00000| Untracked 
|  74|0x000000070bc00000, 0x000000070bc00000, 0x000000070be00000|  0%| F|  |TAMS 0x000000070bc00000, 0x000000070bc00000| Untracked 
|  75|0x000000070be00000, 0x000000070be00000, 0x000000070c000000|  0%| F|  |TAMS 0x000000070be00000, 0x000000070be00000| Untracked 
|  76|0x000000070c000000, 0x000000070c000000, 0x000000070c200000|  0%| F|  |TAMS 0x000000070c000000, 0x000000070c000000| Untracked 
|  77|0x000000070c200000, 0x000000070c200000, 0x000000070c400000|  0%| F|  |TAMS 0x000000070c200000, 0x000000070c200000| Untracked 
|  78|0x000000070c400000, 0x000000070c400000, 0x000000070c600000|  0%| F|  |TAMS 0x000000070c400000, 0x000000070c400000| Untracked 
|  79|0x000000070c600000, 0x000000070c600000, 0x000000070c800000|  0%| F|  |TAMS 0x000000070c600000, 0x000000070c600000| Untracked 
|  80|0x000000070c800000, 0x000000070c800000, 0x000000070ca00000|  0%| F|  |TAMS 0x000000070c800000, 0x000000070c800000| Untracked 
|  81|0x000000070ca00000, 0x000000070ca00000, 0x000000070cc00000|  0%| F|  |TAMS 0x000000070ca00000, 0x000000070ca00000| Untracked 
|  82|0x000000070cc00000, 0x000000070cc00000, 0x000000070ce00000|  0%| F|  |TAMS 0x000000070cc00000, 0x000000070cc00000| Untracked 
|  83|0x000000070ce00000, 0x000000070ce00000, 0x000000070d000000|  0%| F|  |TAMS 0x000000070ce00000, 0x000000070ce00000| Untracked 
|  84|0x000000070d000000, 0x000000070d000000, 0x000000070d200000|  0%| F|  |TAMS 0x000000070d000000, 0x000000070d000000| Untracked 
|  85|0x000000070d200000, 0x000000070d200000, 0x000000070d400000|  0%| F|  |TAMS 0x000000070d200000, 0x000000070d200000| Untracked 
|  86|0x000000070d400000, 0x000000070d400000, 0x000000070d600000|  0%| F|  |TAMS 0x000000070d400000, 0x000000070d400000| Untracked 
|  87|0x000000070d600000, 0x000000070d600000, 0x000000070d800000|  0%| F|  |TAMS 0x000000070d600000, 0x000000070d600000| Untracked 
|  88|0x000000070d800000, 0x000000070d800000, 0x000000070da00000|  0%| F|  |TAMS 0x000000070d800000, 0x000000070d800000| Untracked 
|  89|0x000000070da00000, 0x000000070da00000, 0x000000070dc00000|  0%| F|  |TAMS 0x000000070da00000, 0x000000070da00000| Untracked 
|  90|0x000000070dc00000, 0x000000070dc00000, 0x000000070de00000|  0%| F|  |TAMS 0x000000070dc00000, 0x000000070dc00000| Untracked 
|  91|0x000000070de00000, 0x000000070de00000, 0x000000070e000000|  0%| F|  |TAMS 0x000000070de00000, 0x000000070de00000| Untracked 
|  92|0x000000070e000000, 0x000000070e000000, 0x000000070e200000|  0%| F|  |TAMS 0x000000070e000000, 0x000000070e000000| Untracked 
|  93|0x000000070e200000, 0x000000070e200000, 0x000000070e400000|  0%| F|  |TAMS 0x000000070e200000, 0x000000070e200000| Untracked 
|  94|0x000000070e400000, 0x000000070e400000, 0x000000070e600000|  0%| F|  |TAMS 0x000000070e400000, 0x000000070e400000| Untracked 
|  95|0x000000070e600000, 0x000000070e600000, 0x000000070e800000|  0%| F|  |TAMS 0x000000070e600000, 0x000000070e600000| Untracked 
|  96|0x000000070e800000, 0x000000070e800000, 0x000000070ea00000|  0%| F|  |TAMS 0x000000070e800000, 0x000000070e800000| Untracked 
|  97|0x000000070ea00000, 0x000000070ea00000, 0x000000070ec00000|  0%| F|  |TAMS 0x000000070ea00000, 0x000000070ea00000| Untracked 
|  98|0x000000070ec00000, 0x000000070ec00000, 0x000000070ee00000|  0%| F|  |TAMS 0x000000070ec00000, 0x000000070ec00000| Untracked 
|  99|0x000000070ee00000, 0x000000070ee00000, 0x000000070f000000|  0%| F|  |TAMS 0x000000070ee00000, 0x000000070ee00000| Untracked 
| 100|0x000000070f000000, 0x000000070f000000, 0x000000070f200000|  0%| F|  |TAMS 0x000000070f000000, 0x000000070f000000| Untracked 
| 101|0x000000070f200000, 0x000000070f200000, 0x000000070f400000|  0%| F|  |TAMS 0x000000070f200000, 0x000000070f200000| Untracked 
| 102|0x000000070f400000, 0x000000070f400000, 0x000000070f600000|  0%| F|  |TAMS 0x000000070f400000, 0x000000070f400000| Untracked 
| 103|0x000000070f600000, 0x000000070f600000, 0x000000070f800000|  0%| F|  |TAMS 0x000000070f600000, 0x000000070f600000| Untracked 
| 104|0x000000070f800000, 0x000000070f800000, 0x000000070fa00000|  0%| F|  |TAMS 0x000000070f800000, 0x000000070f800000| Untracked 
| 105|0x000000070fa00000, 0x000000070fa00000, 0x000000070fc00000|  0%| F|  |TAMS 0x000000070fa00000, 0x000000070fa00000| Untracked 
| 106|0x000000070fc00000, 0x000000070fc00000, 0x000000070fe00000|  0%| F|  |TAMS 0x000000070fc00000, 0x000000070fc00000| Untracked 
| 107|0x000000070fe00000, 0x000000070fe00000, 0x0000000710000000|  0%| F|  |TAMS 0x000000070fe00000, 0x000000070fe00000| Untracked 
| 108|0x0000000710000000, 0x000000071006a838, 0x0000000710200000| 20%| E|  |TAMS 0x0000000710000000, 0x0000000710000000| Complete 
| 109|0x0000000710200000, 0x0000000710400000, 0x0000000710400000|100%| E|CS|TAMS 0x0000000710200000, 0x0000000710200000| Complete 
| 110|0x0000000710400000, 0x0000000710600000, 0x0000000710600000|100%| E|CS|TAMS 0x0000000710400000, 0x0000000710400000| Complete 
| 111|0x0000000710600000, 0x0000000710800000, 0x0000000710800000|100%| E|CS|TAMS 0x0000000710600000, 0x0000000710600000| Complete 
| 112|0x0000000710800000, 0x0000000710a00000, 0x0000000710a00000|100%| E|CS|TAMS 0x0000000710800000, 0x0000000710800000| Complete 
| 113|0x0000000710a00000, 0x0000000710c00000, 0x0000000710c00000|100%| E|CS|TAMS 0x0000000710a00000, 0x0000000710a00000| Complete 
| 114|0x0000000710c00000, 0x0000000710cf5530, 0x0000000710e00000| 47%| S|CS|TAMS 0x0000000710c00000, 0x0000000710c00000| Complete 
| 115|0x0000000710e00000, 0x0000000711000000, 0x0000000711000000|100%| S|CS|TAMS 0x0000000710e00000, 0x0000000710e00000| Complete 
| 116|0x0000000711000000, 0x0000000711200000, 0x0000000711200000|100%| E|CS|TAMS 0x0000000711000000, 0x0000000711000000| Complete 
| 117|0x0000000711200000, 0x0000000711400000, 0x0000000711400000|100%| E|CS|TAMS 0x0000000711200000, 0x0000000711200000| Complete 
| 118|0x0000000711400000, 0x0000000711600000, 0x0000000711600000|100%| E|CS|TAMS 0x0000000711400000, 0x0000000711400000| Complete 
| 119|0x0000000711600000, 0x0000000711800000, 0x0000000711800000|100%| E|CS|TAMS 0x0000000711600000, 0x0000000711600000| Complete 
| 120|0x0000000711800000, 0x0000000711a00000, 0x0000000711a00000|100%| E|CS|TAMS 0x0000000711800000, 0x0000000711800000| Complete 
| 121|0x0000000711a00000, 0x0000000711c00000, 0x0000000711c00000|100%| E|CS|TAMS 0x0000000711a00000, 0x0000000711a00000| Complete 
| 122|0x0000000711c00000, 0x0000000711e00000, 0x0000000711e00000|100%| E|CS|TAMS 0x0000000711c00000, 0x0000000711c00000| Complete 
| 123|0x0000000711e00000, 0x0000000712000000, 0x0000000712000000|100%| E|  |TAMS 0x0000000711e00000, 0x0000000711e00000| Complete 
| 124|0x0000000712000000, 0x0000000712200000, 0x0000000712200000|100%| E|CS|TAMS 0x0000000712000000, 0x0000000712000000| Complete 
| 125|0x0000000712200000, 0x0000000712400000, 0x0000000712400000|100%| E|CS|TAMS 0x0000000712200000, 0x0000000712200000| Complete 
| 126|0x0000000712400000, 0x0000000712600000, 0x0000000712600000|100%| E|CS|TAMS 0x0000000712400000, 0x0000000712400000| Complete 

Card table byte_map: [0x0000026bbd6e0000,0x0000026bbded0000] _byte_map_base: 0x0000026bb9ecc000

Marking Bits (Prev, Next): (CMBitMap*) 0x0000026ba3dac6f0, (CMBitMap*) 0x0000026ba3dac730
 Prev Bits: [0x0000026bbe6c0000, 0x0000026bc2620000)
 Next Bits: [0x0000026bc2620000, 0x0000026bc6580000)

Polling page: 0x0000026bad440000

Metaspace:

Usage:
  Non-class:     11.76 MB used.
      Class:      1.80 MB used.
       Both:     13.57 MB used.

Virtual space:
  Non-class space:       64.00 MB reserved,      11.88 MB ( 19%) committed,  1 nodes.
      Class space:        1.00 GB reserved,       1.94 MB ( <1%) committed,  1 nodes.
             Both:        1.06 GB reserved,      13.81 MB (  1%) committed. 

Chunk freelists:
   Non-Class:  3.88 MB
       Class:  2.04 MB
        Both:  5.92 MB

MaxMetaspaceSize: unlimited
CompressedClassSpaceSize: 1.00 GB
Initial GC threshold: 21.00 MB
Current GC threshold: 21.00 MB
CDS: on
MetaspaceReclaimPolicy: balanced
 - commit_granule_bytes: 65536.
 - commit_granule_words: 8192.
 - virtual_space_node_default_size: 8388608.
 - enlarge_chunks_in_place: 1.
 - new_chunks_are_fully_committed: 0.
 - uncommit_free_chunks: 1.
 - use_allocation_guard: 0.


Internal statistics:

num_allocs_failed_limit: 0.
num_arena_births: 330.
num_arena_deaths: 0.
num_vsnodes_births: 2.
num_vsnodes_deaths: 0.
num_space_committed: 221.
num_space_uncommitted: 0.
num_chunks_returned_to_freelist: 0.
num_chunks_taken_from_freelist: 774.
num_chunk_merges: 0.
num_chunk_splits: 534.
num_chunks_enlarged: 406.
num_inconsistent_stats: 0.

CodeHeap 'non-profiled nmethods': size=120000Kb used=929Kb max_used=929Kb free=119070Kb
 bounds [0x0000026bb4f30000, 0x0000026bb51a0000, 0x0000026bbc460000]
CodeHeap 'profiled nmethods': size=120000Kb used=4032Kb max_used=4032Kb free=115968Kb
 bounds [0x0000026bad460000, 0x0000026bad850000, 0x0000026bb4990000]
CodeHeap 'non-nmethods': size=5760Kb used=1515Kb max_used=1548Kb free=4244Kb
 bounds [0x0000026bb4990000, 0x0000026bb4c00000, 0x0000026bb4f30000]
 total_blobs=3200 nmethods=2402 adapters=708
 compilation: enabled
              stopped_count=0, restarted_count=0
 full_count=0

Compilation events (20 events):
Event: 2.490 Thread 0x0000026bc9056ee0 1790       4       java.lang.String::isLatin1 (19 bytes)
Event: 2.490 Thread 0x0000026bc9056ee0 nmethod 1790 0x0000026bb4fe1a10 code [0x0000026bb4fe1b80, 0x0000026bb4fe1c18]
Event: 2.490 Thread 0x0000026bc905f860 nmethod 1799 0x0000026bad747c90 code [0x0000026bad747ee0, 0x0000026bad748bb8]
Event: 2.490 Thread 0x0000026bc905f860 1800       3       java.util.jar.JarFile::getJarEntry (9 bytes)
Event: 2.490 Thread 0x0000026bc905f860 nmethod 1800 0x0000026bad749010 code [0x0000026bad7491c0, 0x0000026bad749488]
Event: 2.490 Thread 0x0000026bc905f860 1793       3       java.lang.String::toUpperCase (29 bytes)
Event: 2.490 Thread 0x0000026bc905f860 nmethod 1793 0x0000026bad749590 code [0x0000026bad749760, 0x0000026bad749a38]
Event: 2.490 Thread 0x0000026bc905f860 1794       3       java.lang.StringBuffer::<init> (7 bytes)
Event: 2.490 Thread 0x0000026bc905f860 nmethod 1794 0x0000026bad749b10 code [0x0000026bad749cc0, 0x0000026bad749e08]
Event: 2.490 Thread 0x0000026bc905f860 1795  s    3       java.lang.StringBuffer::toString (34 bytes)
Event: 2.491 Thread 0x0000026bc905f860 nmethod 1795 0x0000026bad749e90 code [0x0000026bad74a060, 0x0000026bad74a478]
Event: 2.491 Thread 0x0000026bc905f860 1796  s    3       java.lang.StringBuffer::append (13 bytes)
Event: 2.491 Thread 0x0000026bc905f860 nmethod 1796 0x0000026bad74a590 code [0x0000026bad74a740, 0x0000026bad74a968]
Event: 2.491 Thread 0x0000026bc905f860 1798       3       java.lang.String::toUpperCase (8 bytes)
Event: 2.491 Thread 0x0000026bc905f860 nmethod 1798 0x0000026bad74aa10 code [0x0000026bad74ac00, 0x0000026bad74af98]
Event: 2.491 Thread 0x0000026bc905f860 1792       3       java.lang.StringLatin1::indexOf (25 bytes)
Event: 2.491 Thread 0x0000026bc905f860 nmethod 1792 0x0000026bad74b110 code [0x0000026bad74b2c0, 0x0000026bad74b4c8]
Event: 2.491 Thread 0x0000026bcec7c1c0 nmethod 1785 0x0000026bb4fe1d10 code [0x0000026bb4fe1ea0, 0x0000026bb4fe2338]
Event: 2.504 Thread 0x0000026bc905f860 1801       3       jdk.internal.loader.ClassLoaders$BootClassLoader::loadClassOrNull (10 bytes)
Event: 2.504 Thread 0x0000026bc905f860 nmethod 1801 0x0000026bad74b590 code [0x0000026bad74b760, 0x0000026bad74b9f8]

GC Heap History (2 events):
Event: 0.438 GC heap before
{Heap before GC invocations=0 (full 0):
 garbage-first heap   total 260096K, used 20480K [0x0000000702800000, 0x0000000800000000)
  region size 2048K, 11 young (22528K), 0 survivors (0K)
 Metaspace       used 5782K, committed 6016K, reserved 1114112K
  class space    used 657K, committed 768K, reserved 1048576K
}
Event: 0.440 GC heap after
{Heap after GC invocations=1 (full 0):
 garbage-first heap   total 260096K, used 3029K [0x0000000702800000, 0x0000000800000000)
  region size 2048K, 2 young (4096K), 2 survivors (4096K)
 Metaspace       used 5782K, committed 6016K, reserved 1114112K
  class space    used 657K, committed 768K, reserved 1048576K
}

Dll operation events (20 events):
Event: 0.233 Loaded shared library C:\Java\javafx-sdk-19.0.2.1\bin\api-ms-win-crt-multibyte-l1-1-0.dll
Event: 0.234 Loaded shared library C:\Java\javafx-sdk-19.0.2.1\bin\api-ms-win-crt-private-l1-1-0.dll
Event: 0.235 Loaded shared library C:\Java\javafx-sdk-19.0.2.1\bin\api-ms-win-crt-process-l1-1-0.dll
Event: 0.235 Loaded shared library C:\Java\javafx-sdk-19.0.2.1\bin\api-ms-win-crt-runtime-l1-1-0.dll
Event: 0.236 Loaded shared library C:\Java\javafx-sdk-19.0.2.1\bin\api-ms-win-crt-stdio-l1-1-0.dll
Event: 0.237 Loaded shared library C:\Java\javafx-sdk-19.0.2.1\bin\api-ms-win-crt-string-l1-1-0.dll
Event: 0.239 Loaded shared library C:\Java\javafx-sdk-19.0.2.1\bin\api-ms-win-crt-time-l1-1-0.dll
Event: 0.240 Loaded shared library C:\Java\javafx-sdk-19.0.2.1\bin\api-ms-win-crt-utility-l1-1-0.dll
Event: 0.241 Loaded shared library C:\Java\javafx-sdk-19.0.2.1\bin\ucrtbase.dll
Event: 0.242 Loaded shared library C:\Java\javafx-sdk-19.0.2.1\bin\vcruntime140.dll
Event: 0.243 Loaded shared library C:\Java\javafx-sdk-19.0.2.1\bin\vcruntime140_1.dll
Event: 0.243 Loaded shared library C:\Java\javafx-sdk-19.0.2.1\bin\msvcp140.dll
Event: 0.244 Loaded shared library C:\Java\javafx-sdk-19.0.2.1\bin\msvcp140_1.dll
Event: 0.245 Loaded shared library C:\Java\javafx-sdk-19.0.2.1\bin\msvcp140_2.dll
Event: 0.274 Loaded shared library C:\Java\javafx-sdk-19.0.2.1\bin\prism_d3d.dll
Event: 0.313 Loaded shared library C:\Java\javafx-sdk-19.0.2.1\bin\glass.dll
Event: 0.387 Loaded shared library C:\Users\brayn\.jdks\openjdk-19.0.2\bin\jimage.dll
Event: 0.534 Loaded shared library C:\Java\javafx-sdk-19.0.2.1\bin\javafx_font.dll
Event: 2.480 Loaded shared library C:\Users\brayn\.jdks\openjdk-19.0.2\bin\verify.dll
Event: 2.484 Loaded shared library C:\Users\brayn\Downloads\mfz-rxtx-2.2-20081207-win-x64\mfz-rxtx-2.2-20081207-win-x64\rxtxSerial.dll

Deoptimization events (20 events):
Event: 0.796 Thread 0x0000026bce10f5e0 Uncommon trap: trap_request=0xffffff45 fr.pc=0x0000026bb4f8f280 relative=0x00000000000001e0
Event: 0.796 Thread 0x0000026bce10f5e0 Uncommon trap: reason=unstable_if action=reinterpret pc=0x0000026bb4f8f280 method=java.io.ByteArrayInputStream.read()I @ 8 c2
Event: 0.796 Thread 0x0000026bce10f5e0 DEOPT PACKING pc=0x0000026bb4f8f280 sp=0x000000c4d82fc770
Event: 0.796 Thread 0x0000026bce10f5e0 DEOPT UNPACKING pc=0x0000026bb49f6da3 sp=0x000000c4d82fc728 mode 2
Event: 1.010 Thread 0x0000026bc904c950 Uncommon trap: trap_request=0xffffff45 fr.pc=0x0000026bb4f4452c relative=0x000000000000010c
Event: 1.010 Thread 0x0000026bc904c950 Uncommon trap: reason=unstable_if action=reinterpret pc=0x0000026bb4f4452c method=java.lang.StringLatin1.lastIndexOf([BI[BII)I @ 86 c2
Event: 1.010 Thread 0x0000026bc904c950 DEOPT PACKING pc=0x0000026bb4f4452c sp=0x000000c4d74fe340
Event: 1.010 Thread 0x0000026bc904c950 DEOPT UNPACKING pc=0x0000026bb49f6da3 sp=0x000000c4d74fe298 mode 2
Event: 2.129 Thread 0x0000026bcd722290 DEOPT PACKING pc=0x0000026bad6d225b sp=0x000000c4d80fe210
Event: 2.129 Thread 0x0000026bcd722290 DEOPT UNPACKING pc=0x0000026bb49f7543 sp=0x000000c4d80fd678 mode 0
Event: 2.158 Thread 0x0000026bcd722290 DEOPT PACKING pc=0x0000026bad6d22f7 sp=0x000000c4d80fe210
Event: 2.158 Thread 0x0000026bcd722290 DEOPT UNPACKING pc=0x0000026bb49f7543 sp=0x000000c4d80fd678 mode 0
Event: 2.158 Thread 0x0000026bcd722290 DEOPT PACKING pc=0x0000026bad6d22f7 sp=0x000000c4d80fe210
Event: 2.158 Thread 0x0000026bcd722290 DEOPT UNPACKING pc=0x0000026bb49f7543 sp=0x000000c4d80fd678 mode 0
Event: 2.159 Thread 0x0000026bcd722290 DEOPT PACKING pc=0x0000026bad6d225b sp=0x000000c4d80fe210
Event: 2.159 Thread 0x0000026bcd722290 DEOPT UNPACKING pc=0x0000026bb49f7543 sp=0x000000c4d80fd678 mode 0
Event: 2.486 Thread 0x0000026bce10f5e0 Uncommon trap: trap_request=0xffffff45 fr.pc=0x0000026bb4f797d4 relative=0x0000000000000594
Event: 2.486 Thread 0x0000026bce10f5e0 Uncommon trap: reason=unstable_if action=reinterpret pc=0x0000026bb4f797d4 method=java.lang.AbstractStringBuilder.append(Ljava/lang/String;)Ljava/lang/AbstractStringBuilder; @ 1 c2
Event: 2.486 Thread 0x0000026bce10f5e0 DEOPT PACKING pc=0x0000026bb4f797d4 sp=0x000000c4d82faeb0
Event: 2.486 Thread 0x0000026bce10f5e0 DEOPT UNPACKING pc=0x0000026bb49f6da3 sp=0x000000c4d82fae98 mode 2

Classes loaded (20 events):
Event: 1.888 Loading class java/util/EnumMap$Values
Event: 1.888 Loading class java/util/EnumMap$Values done
Event: 1.888 Loading class java/util/EnumMap$ValueIterator
Event: 1.888 Loading class java/util/EnumMap$EnumMapIterator
Event: 1.888 Loading class java/util/EnumMap$EnumMapIterator done
Event: 1.888 Loading class java/util/EnumMap$ValueIterator done
Event: 2.343 Loading class java/io/UnsupportedEncodingException
Event: 2.343 Loading class java/io/UnsupportedEncodingException done
Event: 2.456 Loading class java/util/TimerTask
Event: 2.456 Loading class java/util/TimerTask done
Event: 2.460 Loading class java/util/Timer
Event: 2.460 Loading class java/util/Timer done
Event: 2.463 Loading class jdk/internal/math/FDBigInteger
Event: 2.463 Loading class jdk/internal/math/FDBigInteger done
Event: 2.489 Loading class java/util/TooManyListenersException
Event: 2.489 Loading class java/util/TooManyListenersException done
Event: 2.495 Loading class jdk/internal/event/ThreadSleepEvent
Event: 2.495 Loading class jdk/internal/event/Event
Event: 2.495 Loading class jdk/internal/event/Event done
Event: 2.495 Loading class jdk/internal/event/ThreadSleepEvent done

Classes unloaded (0 events):
No events

Classes redefined (0 events):
No events

Internal exceptions (20 events):
Event: 0.688 Thread 0x0000026bce10f5e0 Implicit null exception at 0x0000026bb4f954af to 0x0000026bb4f9574c
Event: 0.695 Thread 0x0000026bce10f5e0 Implicit null exception at 0x0000026bb4f94c2f to 0x0000026bb4f94ed0
Event: 0.695 Thread 0x0000026bce10f5e0 Implicit null exception at 0x0000026bb4f4f1af to 0x0000026bb4f4f229
Event: 0.737 Thread 0x0000026bce10f5e0 Implicit null exception at 0x0000026bb4f8c4f2 to 0x0000026bb4f8c89c
Event: 0.776 Thread 0x0000026bce10f5e0 Exception <a 'java/lang/NoSuchMethodError'{0x0000000711342ea8}: 'java.lang.Object java.lang.invoke.DirectMethodHandle$Holder.invokeInterface(java.lang.Object, java.lang.Object, java.lang.Object)'> (0x0000000711342ea8) 
thrown [s\open\src\hotspot\share\interpreter\linkResolver.cpp, line 774]
Event: 0.777 Thread 0x0000026bce10f5e0 Exception <a 'java/lang/IncompatibleClassChangeError'{0x0000000711346838}: Found class java.lang.Object, but interface was expected> (0x0000000711346838) 
thrown [s\open\src\hotspot\share\interpreter\linkResolver.cpp, line 841]
Event: 0.798 Thread 0x0000026bce10f5e0 Exception <a 'java/lang/NoSuchMethodError'{0x0000000711051078}: 'int java.lang.invoke.DirectMethodHandle$Holder.invokeSpecial(java.lang.Object, java.lang.Object, int)'> (0x0000000711051078) 
thrown [s\open\src\hotspot\share\interpreter\linkResolver.cpp, line 774]
Event: 0.799 Thread 0x0000026bce10f5e0 Exception <a 'java/lang/NoSuchMethodError'{0x00000007110582a8}: 'int java.lang.invoke.DirectMethodHandle$Holder.invokeSpecial(java.lang.Object, java.lang.Object, java.lang.Object, int)'> (0x00000007110582a8) 
thrown [s\open\src\hotspot\share\interpreter\linkResolver.cpp, line 774]
Event: 0.799 Thread 0x0000026bce10f5e0 Exception <a 'java/lang/NoSuchMethodError'{0x000000071105ffc8}: 'int java.lang.invoke.DirectMethodHandle$Holder.invokeSpecial(java.lang.Object, java.lang.Object, java.lang.Object)'> (0x000000071105ffc8) 
thrown [s\open\src\hotspot\share\interpreter\linkResolver.cpp, line 774]
Event: 0.810 Thread 0x0000026bce10f5e0 Exception <a 'java/lang/NoSuchMethodError'{0x00000007110c6148}: 'java.lang.Object java.lang.invoke.DirectMethodHandle$Holder.newInvokeSpecial(java.lang.Object, java.lang.Object, int)'> (0x00000007110c6148) 
thrown [s\open\src\hotspot\share\interpreter\linkResolver.cpp, line 774]
Event: 0.827 Thread 0x0000026bcd722290 Exception <a 'java/lang/NoSuchMethodError'{0x0000000711193f08}: 'int java.lang.invoke.DirectMethodHandle$Holder.invokeStaticInit(java.lang.Object, java.lang.Object)'> (0x0000000711193f08) 
thrown [s\open\src\hotspot\share\interpreter\linkResolver.cpp, line 774]
Event: 2.350 Thread 0x0000026bce10f5e0 Exception <a 'java/lang/NoSuchMethodError'{0x000000071063cb38}: 'long java.lang.invoke.DirectMethodHandle$Holder.invokeStatic(java.lang.Object, java.lang.Object, java.lang.Object)'> (0x000000071063cb38) 
thrown [s\open\src\hotspot\share\interpreter\linkResolver.cpp, line 774]
Event: 2.350 Thread 0x0000026bce10f5e0 Exception <a 'java/lang/NoSuchMethodError'{0x00000007106401b0}: 'long java.lang.invoke.DirectMethodHandle$Holder.invokeStaticInit(java.lang.Object, java.lang.Object, java.lang.Object)'> (0x00000007106401b0) 
thrown [s\open\src\hotspot\share\interpreter\linkResolver.cpp, line 774]
Event: 2.352 Thread 0x0000026bce10f5e0 Exception <a 'java/lang/NoSuchMethodError'{0x0000000710658650}: 'java.lang.Object java.lang.invoke.DirectMethodHandle$Holder.newInvokeSpecial(java.lang.Object, java.lang.Object, long)'> (0x0000000710658650) 
thrown [s\open\src\hotspot\share\interpreter\linkResolver.cpp, line 774]
Event: 2.352 Thread 0x0000026bce10f5e0 Exception <a 'java/lang/NoSuchMethodError'{0x000000071065c1d8}: 'java.lang.Object java.lang.invoke.Invokers$Holder.linkToTargetMethod(java.lang.Object, long, java.lang.Object)'> (0x000000071065c1d8) 
thrown [s\open\src\hotspot\share\interpreter\linkResolver.cpp, line 774]
Event: 2.461 Thread 0x0000026bce10f5e0 Exception <a 'java/lang/NoSuchMethodError'{0x00000007106e2208}: 'void java.lang.invoke.Invokers$Holder.invokeExact_MT(java.lang.Object, java.lang.Object, java.lang.Object, java.lang.Object)'> (0x00000007106e2208) 
thrown [s\open\src\hotspot\share\interpreter\linkResolver.cpp, line 774]
Event: 2.478 Thread 0x0000026bce10f5e0 Exception <a 'java/lang/NoSuchMethodError'{0x00000007107d6490}: 'void java.lang.invoke.DirectMethodHandle$Holder.invokeVirtual(java.lang.Object, java.lang.Object)'> (0x00000007107d6490) 
thrown [s\open\src\hotspot\share\interpreter\linkResolver.cpp, line 774]
Event: 2.486 Thread 0x0000026bce10f5e0 Implicit null exception at 0x0000026bb4f79272 to 0x0000026bb4f797bc
Event: 2.486 Thread 0x0000026bce10f5e0 Exception <a 'java/io/FileNotFoundException'{0x0000000710406e10}> (0x0000000710406e10) 
thrown [s\open\src\hotspot\share\prims\jni.cpp, line 517]
Event: 2.488 Thread 0x0000026bce10f5e0 Exception <a 'java/io/FileNotFoundException'{0x0000000710418f78}> (0x0000000710418f78) 
thrown [s\open\src\hotspot\share\prims\jni.cpp, line 517]

VM Operations (20 events):
Event: 0.063 Executing VM operation: HandshakeAllThreads
Event: 0.063 Executing VM operation: HandshakeAllThreads done
Event: 0.114 Executing VM operation: HandshakeAllThreads
Event: 0.114 Executing VM operation: HandshakeAllThreads done
Event: 0.147 Executing VM operation: HandshakeAllThreads
Event: 0.147 Executing VM operation: HandshakeAllThreads done
Event: 0.310 Executing VM operation: HandshakeAllThreads
Event: 0.310 Executing VM operation: HandshakeAllThreads done
Event: 0.437 Executing VM operation: G1CollectForAllocation
Event: 0.440 Executing VM operation: G1CollectForAllocation done
Event: 0.538 Executing VM operation: HandshakeAllThreads
Event: 0.538 Executing VM operation: HandshakeAllThreads done
Event: 0.761 Executing VM operation: ICBufferFull
Event: 0.762 Executing VM operation: ICBufferFull done
Event: 1.762 Executing VM operation: Cleanup
Event: 1.762 Executing VM operation: Cleanup done
Event: 2.483 Executing VM operation: HandshakeAllThreads
Event: 2.483 Executing VM operation: HandshakeAllThreads done
Event: 2.486 Executing VM operation: HandshakeAllThreads
Event: 2.486 Executing VM operation: HandshakeAllThreads done

Events (20 events):
Event: 0.025 Thread 0x0000026bc905f860 Thread added: 0x0000026bc905f860
Event: 0.025 Thread 0x0000026bc90601d0 Thread added: 0x0000026bc90601d0
Event: 0.045 Thread 0x0000026bc90199b0 Thread added: 0x0000026bc90199b0
Event: 0.086 Thread 0x0000026bcd5772c0 Thread added: 0x0000026bcd5772c0
Event: 0.088 Thread 0x0000026bcd577840 Thread added: 0x0000026bcd577840
Event: 0.144 Thread 0x0000026bcdd2fcc0 Thread added: 0x0000026bcdd2fcc0
Event: 0.144 Thread 0x0000026bcd94aad0 Thread added: 0x0000026bcd94aad0
Event: 0.269 Thread 0x0000026bcd722290 Thread added: 0x0000026bcd722290
Event: 0.315 Thread 0x0000026bcd9eaca0 Thread added: 0x0000026bcd9eaca0
Event: 0.318 Thread 0x0000026bce10f5e0 Thread added: 0x0000026bce10f5e0
Event: 0.369 Thread 0x0000026bce9470f0 Thread added: 0x0000026bce9470f0
Event: 0.381 Thread 0x0000026bce9d2070 Thread added: 0x0000026bce9d2070
Event: 0.771 Thread 0x0000026bce9d3060 Thread added: 0x0000026bce9d3060
Event: 0.856 Thread 0x0000026bce9d25c0 Thread added: 0x0000026bce9d25c0
Event: 1.000 Thread 0x0000026bcd577840 Thread exited: 0x0000026bcd577840
Event: 1.888 Thread 0x0000026bcd5772c0 Thread exited: 0x0000026bcd5772c0
Event: 2.472 Thread 0x0000026bcec7c1c0 Thread added: 0x0000026bcec7c1c0
Event: 2.495 Thread 0x0000026bce9d45a0 Thread added: 0x0000026bce9d45a0
Event: 2.505 Thread 0x0000026bce9d1080 Thread added: 0x0000026bce9d1080
Event: 2.505 Thread 0x0000026bce9d15d0 Thread added: 0x0000026bce9d15d0


Dynamic libraries:
0x00007ff6fba10000 - 0x00007ff6fba1e000 	C:\Users\brayn\.jdks\openjdk-19.0.2\bin\java.exe
0x00007ff9296b0000 - 0x00007ff9298c4000 	C:\WINDOWS\SYSTEM32\ntdll.dll
0x00007ff928360000 - 0x00007ff928423000 	C:\WINDOWS\System32\KERNEL32.DLL
0x00007ff926f40000 - 0x00007ff9272dc000 	C:\WINDOWS\System32\KERNELBASE.dll
0x00007ff9272e0000 - 0x00007ff9273f1000 	C:\WINDOWS\System32\ucrtbase.dll
0x00007ff921d50000 - 0x00007ff921d6b000 	C:\Users\brayn\.jdks\openjdk-19.0.2\bin\VCRUNTIME140.dll
0x00007ff921f90000 - 0x00007ff921fa7000 	C:\Users\brayn\.jdks\openjdk-19.0.2\bin\jli.dll
0x00007ff929290000 - 0x00007ff92943d000 	C:\WINDOWS\System32\USER32.dll
0x00007ff910f60000 - 0x00007ff9111ee000 	C:\WINDOWS\WinSxS\amd64_microsoft.windows.common-controls_6595b64144ccf1df_6.0.22621.608_none_a9444ca7c10bb01d\COMCTL32.dll
0x00007ff926d20000 - 0x00007ff926d46000 	C:\WINDOWS\System32\win32u.dll
0x00007ff927f20000 - 0x00007ff927fc7000 	C:\WINDOWS\System32\msvcrt.dll
0x00007ff9291a0000 - 0x00007ff9291c9000 	C:\WINDOWS\System32\GDI32.dll
0x00007ff926c00000 - 0x00007ff926d13000 	C:\WINDOWS\System32\gdi32full.dll
0x00007ff926b60000 - 0x00007ff926bfa000 	C:\WINDOWS\System32\msvcp_win.dll
0x00007ff9276d0000 - 0x00007ff927701000 	C:\WINDOWS\System32\IMM32.DLL
0x00007ff921fd0000 - 0x00007ff921fdc000 	C:\Users\brayn\.jdks\openjdk-19.0.2\bin\vcruntime140_1.dll
0x00007ff911be0000 - 0x00007ff911c6e000 	C:\Users\brayn\.jdks\openjdk-19.0.2\bin\msvcp140.dll
0x00007ff8e2af0000 - 0x00007ff8e37b0000 	C:\Users\brayn\.jdks\openjdk-19.0.2\bin\server\jvm.dll
0x00007ff928ea0000 - 0x00007ff928f4e000 	C:\WINDOWS\System32\ADVAPI32.dll
0x00007ff927b90000 - 0x00007ff927c34000 	C:\WINDOWS\System32\sechost.dll
0x00007ff928f50000 - 0x00007ff929065000 	C:\WINDOWS\System32\RPCRT4.dll
0x00007ff921350000 - 0x00007ff921384000 	C:\WINDOWS\SYSTEM32\WINMM.dll
0x00007ff921eb0000 - 0x00007ff921eb9000 	C:\WINDOWS\SYSTEM32\WSOCK32.dll
0x00007ff928e20000 - 0x00007ff928e91000 	C:\WINDOWS\System32\WS2_32.dll
0x00007ff920dc0000 - 0x00007ff920dca000 	C:\WINDOWS\SYSTEM32\VERSION.dll
0x00007ff925b40000 - 0x00007ff925b58000 	C:\WINDOWS\SYSTEM32\kernel.appcore.dll
0x00007ff921d40000 - 0x00007ff921d4a000 	C:\Users\brayn\.jdks\openjdk-19.0.2\bin\jimage.dll
0x00007ff924270000 - 0x00007ff92449e000 	C:\WINDOWS\SYSTEM32\DBGHELP.DLL
0x00007ff927fd0000 - 0x00007ff928359000 	C:\WINDOWS\System32\combase.dll
0x00007ff9275f0000 - 0x00007ff9276c7000 	C:\WINDOWS\System32\OLEAUT32.dll
0x00007ff90d7c0000 - 0x00007ff90d7f2000 	C:\WINDOWS\SYSTEM32\dbgcore.DLL
0x00007ff926d50000 - 0x00007ff926dcb000 	C:\WINDOWS\System32\bcryptPrimitives.dll
0x00007ff920470000 - 0x00007ff92047e000 	C:\Users\brayn\.jdks\openjdk-19.0.2\bin\instrument.dll
0x00007ff920480000 - 0x00007ff9204a6000 	C:\Users\brayn\.jdks\openjdk-19.0.2\bin\java.dll
0x00007ff8fc150000 - 0x00007ff8fc227000 	C:\Users\brayn\.jdks\openjdk-19.0.2\bin\jsvml.dll
0x00007ff928530000 - 0x00007ff928d20000 	C:\WINDOWS\System32\SHELL32.dll
0x00007ff924b00000 - 0x00007ff9253ce000 	C:\WINDOWS\SYSTEM32\windows.storage.dll
0x00007ff9249c0000 - 0x00007ff924afe000 	C:\WINDOWS\SYSTEM32\wintypes.dll
0x00007ff928430000 - 0x00007ff928521000 	C:\WINDOWS\System32\SHCORE.dll
0x00007ff9291d0000 - 0x00007ff92922e000 	C:\WINDOWS\System32\shlwapi.dll
0x00007ff926a20000 - 0x00007ff926a41000 	C:\WINDOWS\SYSTEM32\profapi.dll
0x00007ff916d90000 - 0x00007ff916da3000 	C:\Users\brayn\.jdks\openjdk-19.0.2\bin\net.dll
0x00007ff920b60000 - 0x00007ff920c8f000 	C:\WINDOWS\SYSTEM32\WINHTTP.dll
0x00007ff925fb0000 - 0x00007ff926019000 	C:\WINDOWS\system32\mswsock.dll
0x00007ff916d70000 - 0x00007ff916d86000 	C:\Users\brayn\.jdks\openjdk-19.0.2\bin\nio.dll
0x00007ff916b30000 - 0x00007ff916b48000 	C:\Users\brayn\.jdks\openjdk-19.0.2\bin\zip.dll
0x00007ff915d10000 - 0x00007ff915d2a000 	C:\Program Files\JetBrains\IntelliJ IDEA 2022.3.2\bin\breakgen64.dll
0x00007ff920460000 - 0x00007ff920468000 	C:\Users\brayn\.jdks\openjdk-19.0.2\bin\extnet.dll
0x0000026bc91e0000 - 0x0000026bc91e3000 	C:\Java\javafx-sdk-19.0.2.1\bin\api-ms-win-core-console-l1-1-0.dll
0x0000026bc91f0000 - 0x0000026bc91f3000 	C:\Java\javafx-sdk-19.0.2.1\bin\api-ms-win-core-console-l1-2-0.dll
0x0000026bc9200000 - 0x0000026bc9203000 	C:\Java\javafx-sdk-19.0.2.1\bin\api-ms-win-core-datetime-l1-1-0.dll
0x0000026bc9210000 - 0x0000026bc9213000 	C:\Java\javafx-sdk-19.0.2.1\bin\api-ms-win-core-debug-l1-1-0.dll
0x0000026bc9220000 - 0x0000026bc9223000 	C:\Java\javafx-sdk-19.0.2.1\bin\api-ms-win-core-errorhandling-l1-1-0.dll
0x0000026bc9230000 - 0x0000026bc9234000 	C:\Java\javafx-sdk-19.0.2.1\bin\api-ms-win-core-file-l1-1-0.dll
0x0000026bc9240000 - 0x0000026bc9243000 	C:\Java\javafx-sdk-19.0.2.1\bin\api-ms-win-core-file-l1-2-0.dll
0x0000026bc9250000 - 0x0000026bc9253000 	C:\Java\javafx-sdk-19.0.2.1\bin\api-ms-win-core-file-l2-1-0.dll
0x0000026bc9260000 - 0x0000026bc9263000 	C:\Java\javafx-sdk-19.0.2.1\bin\api-ms-win-core-handle-l1-1-0.dll
0x0000026bc9270000 - 0x0000026bc9273000 	C:\Java\javafx-sdk-19.0.2.1\bin\api-ms-win-core-heap-l1-1-0.dll
0x0000026bc9280000 - 0x0000026bc9283000 	C:\Java\javafx-sdk-19.0.2.1\bin\api-ms-win-core-interlocked-l1-1-0.dll
0x0000026bc9290000 - 0x0000026bc9293000 	C:\Java\javafx-sdk-19.0.2.1\bin\api-ms-win-core-libraryloader-l1-1-0.dll
0x0000026bc92a0000 - 0x0000026bc92a3000 	C:\Java\javafx-sdk-19.0.2.1\bin\api-ms-win-core-localization-l1-2-0.dll
0x0000026bc92b0000 - 0x0000026bc92b3000 	C:\Java\javafx-sdk-19.0.2.1\bin\api-ms-win-core-memory-l1-1-0.dll
0x0000026bc92c0000 - 0x0000026bc92c3000 	C:\Java\javafx-sdk-19.0.2.1\bin\api-ms-win-core-namedpipe-l1-1-0.dll
0x0000026bc92d0000 - 0x0000026bc92d3000 	C:\Java\javafx-sdk-19.0.2.1\bin\api-ms-win-core-processenvironment-l1-1-0.dll
0x0000026bc92e0000 - 0x0000026bc92e3000 	C:\Java\javafx-sdk-19.0.2.1\bin\api-ms-win-core-processthreads-l1-1-0.dll
0x0000026bc92f0000 - 0x0000026bc92f3000 	C:\Java\javafx-sdk-19.0.2.1\bin\api-ms-win-core-processthreads-l1-1-1.dll
0x0000026bc9300000 - 0x0000026bc9303000 	C:\Java\javafx-sdk-19.0.2.1\bin\api-ms-win-core-profile-l1-1-0.dll
0x0000026bc9310000 - 0x0000026bc9313000 	C:\Java\javafx-sdk-19.0.2.1\bin\api-ms-win-core-rtlsupport-l1-1-0.dll
0x0000026bc9320000 - 0x0000026bc9323000 	C:\Java\javafx-sdk-19.0.2.1\bin\api-ms-win-core-string-l1-1-0.dll
0x0000026bc9330000 - 0x0000026bc9333000 	C:\Java\javafx-sdk-19.0.2.1\bin\api-ms-win-core-synch-l1-1-0.dll
0x0000026bc9340000 - 0x0000026bc9343000 	C:\Java\javafx-sdk-19.0.2.1\bin\api-ms-win-core-synch-l1-2-0.dll
0x0000026bc9350000 - 0x0000026bc9353000 	C:\Java\javafx-sdk-19.0.2.1\bin\api-ms-win-core-sysinfo-l1-1-0.dll
0x0000026bc9360000 - 0x0000026bc9363000 	C:\Java\javafx-sdk-19.0.2.1\bin\api-ms-win-core-timezone-l1-1-0.dll
0x0000026bc9370000 - 0x0000026bc9373000 	C:\Java\javafx-sdk-19.0.2.1\bin\api-ms-win-core-util-l1-1-0.dll
0x0000026bc9380000 - 0x0000026bc9383000 	C:\Java\javafx-sdk-19.0.2.1\bin\api-ms-win-crt-conio-l1-1-0.dll
0x0000026bc9390000 - 0x0000026bc9394000 	C:\Java\javafx-sdk-19.0.2.1\bin\api-ms-win-crt-convert-l1-1-0.dll
0x0000026bc93a0000 - 0x0000026bc93a3000 	C:\Java\javafx-sdk-19.0.2.1\bin\api-ms-win-crt-environment-l1-1-0.dll
0x0000026bc93b0000 - 0x0000026bc93b3000 	C:\Java\javafx-sdk-19.0.2.1\bin\api-ms-win-crt-filesystem-l1-1-0.dll
0x0000026bc93c0000 - 0x0000026bc93c3000 	C:\Java\javafx-sdk-19.0.2.1\bin\api-ms-win-crt-heap-l1-1-0.dll
0x0000026bc93d0000 - 0x0000026bc93d3000 	C:\Java\javafx-sdk-19.0.2.1\bin\api-ms-win-crt-locale-l1-1-0.dll
0x0000026bc93e0000 - 0x0000026bc93e5000 	C:\Java\javafx-sdk-19.0.2.1\bin\api-ms-win-crt-math-l1-1-0.dll
0x0000026bc93f0000 - 0x0000026bc93f5000 	C:\Java\javafx-sdk-19.0.2.1\bin\api-ms-win-crt-multibyte-l1-1-0.dll
0x0000026bcefd0000 - 0x0000026bcefe0000 	C:\Java\javafx-sdk-19.0.2.1\bin\api-ms-win-crt-private-l1-1-0.dll
0x0000026bcefe0000 - 0x0000026bcefe3000 	C:\Java\javafx-sdk-19.0.2.1\bin\api-ms-win-crt-process-l1-1-0.dll
0x0000026bceff0000 - 0x0000026bceff4000 	C:\Java\javafx-sdk-19.0.2.1\bin\api-ms-win-crt-runtime-l1-1-0.dll
0x0000026bcf000000 - 0x0000026bcf004000 	C:\Java\javafx-sdk-19.0.2.1\bin\api-ms-win-crt-stdio-l1-1-0.dll
0x0000026bcf010000 - 0x0000026bcf014000 	C:\Java\javafx-sdk-19.0.2.1\bin\api-ms-win-crt-string-l1-1-0.dll
0x0000026bcf160000 - 0x0000026bcf163000 	C:\Java\javafx-sdk-19.0.2.1\bin\api-ms-win-crt-time-l1-1-0.dll
0x0000026bcf020000 - 0x0000026bcf023000 	C:\Java\javafx-sdk-19.0.2.1\bin\api-ms-win-crt-utility-l1-1-0.dll
0x00007ff8f15c0000 - 0x00007ff8f16bc000 	C:\Java\javafx-sdk-19.0.2.1\bin\ucrtbase.dll
0x00007ff914ef0000 - 0x00007ff914f0b000 	C:\Java\javafx-sdk-19.0.2.1\bin\vcruntime140.dll
0x00007ff916710000 - 0x00007ff91671c000 	C:\Java\javafx-sdk-19.0.2.1\bin\vcruntime140_1.dll
0x00007ff8f1ff0000 - 0x00007ff8f207e000 	C:\Java\javafx-sdk-19.0.2.1\bin\msvcp140.dll
0x00007ff9166f0000 - 0x00007ff9166f9000 	C:\Java\javafx-sdk-19.0.2.1\bin\msvcp140_1.dll
0x00007ff914d80000 - 0x00007ff914db0000 	C:\Java\javafx-sdk-19.0.2.1\bin\msvcp140_2.dll
0x00007ff913440000 - 0x00007ff91346c000 	C:\Java\javafx-sdk-19.0.2.1\bin\prism_d3d.dll
0x00007ff911ea0000 - 0x00007ff912049000 	C:\WINDOWS\system32\d3d9.dll
0x00007ff9234e0000 - 0x00007ff92350b000 	C:\WINDOWS\SYSTEM32\dwmapi.dll
0x00007ff923890000 - 0x00007ff9238c6000 	C:\WINDOWS\SYSTEM32\dxcore.dll
0x00007ff9229a0000 - 0x00007ff922a4b000 	C:\WINDOWS\system32\uxtheme.dll
0x00007ff8e6fa0000 - 0x00007ff8e716d000 	C:\WINDOWS\System32\DriverStore\FileRepository\iigd_dch.inf_amd64_7d6ad0397c5dc3fd\igdumdim64.dll
0x00007ff91a8e0000 - 0x00007ff91aa00000 	C:\WINDOWS\System32\DriverStore\FileRepository\iigd_dch.inf_amd64_7d6ad0397c5dc3fd\igdgmm64.dll
0x00007ff8d0ec0000 - 0x00007ff8d4ad1000 	C:\WINDOWS\System32\DriverStore\FileRepository\iigd_dch.inf_amd64_7d6ad0397c5dc3fd\igd9dxva64.dll
0x00007ff927c50000 - 0x00007ff927dec000 	C:\WINDOWS\System32\OLE32.dll
0x00007ff91ea40000 - 0x00007ff91ea89000 	C:\WINDOWS\SYSTEM32\directxdatabasehelper.dll
0x00007ff8f1c10000 - 0x00007ff8f1c52000 	C:\Java\javafx-sdk-19.0.2.1\bin\glass.dll
0x00007ff928d20000 - 0x00007ff928e17000 	C:\WINDOWS\System32\COMDLG32.dll
0x00007ff9274c0000 - 0x00007ff9275de000 	C:\WINDOWS\System32\MSCTF.dll
0x00007ff8d4b40000 - 0x00007ff8d4b61000 	C:\WINDOWS\System32\DriverStore\FileRepository\iigd_dch.inf_amd64_7d6ad0397c5dc3fd\igdinfo64.dll
0x00007ff918580000 - 0x00007ff91a8e0000 	C:\WINDOWS\System32\DriverStore\FileRepository\iigd_dch.inf_amd64_7d6ad0397c5dc3fd\igc64.dll
0x00007ff90d280000 - 0x00007ff90d294000 	C:\Java\javafx-sdk-19.0.2.1\bin\javafx_font.dll
0x00007ff923ea0000 - 0x00007ff924107000 	C:\WINDOWS\SYSTEM32\dwrite.dll
0x00007ff929070000 - 0x00007ff929120000 	C:\WINDOWS\System32\clbcatq.dll
0x00007ff91fb50000 - 0x00007ff91fd00000 	C:\WINDOWS\SYSTEM32\WindowsCodecs.dll
0x00007ff9077e0000 - 0x00007ff90783e000 	C:\WINDOWS\system32\dataexchange.dll
0x00007ff91cb40000 - 0x00007ff91cdaa000 	C:\WINDOWS\system32\twinapi.appcore.dll
0x00007ff8fc110000 - 0x00007ff8fc142000 	C:\Program Files\Common Files\Microsoft Shared\Ink\rtscom.dll
0x00007ff9116a0000 - 0x00007ff9117ce000 	C:\WINDOWS\SYSTEM32\textinputframework.dll
0x00007ff9208c0000 - 0x00007ff9209f3000 	C:\WINDOWS\SYSTEM32\CoreMessaging.dll
0x00007ff91e1d0000 - 0x00007ff91e53c000 	C:\WINDOWS\SYSTEM32\CoreUIComponents.dll
0x00007ff926210000 - 0x00007ff92621c000 	C:\WINDOWS\SYSTEM32\CRYPTBASE.DLL
0x00007ff9169f0000 - 0x00007ff916a00000 	C:\Users\brayn\.jdks\openjdk-19.0.2\bin\verify.dll
0x0000000180000000 - 0x0000000180025000 	C:\Users\brayn\Downloads\mfz-rxtx-2.2-20081207-win-x64\mfz-rxtx-2.2-20081207-win-x64\rxtxSerial.dll

dbghelp: loaded successfully - version: 4.0.5 - missing functions: none
symbol engine: initialized successfully - sym options: 0x614 - pdb path: .;C:\Users\brayn\.jdks\openjdk-19.0.2\bin;C:\WINDOWS\SYSTEM32;C:\WINDOWS\WinSxS\amd64_microsoft.windows.common-controls_6595b64144ccf1df_6.0.22621.608_none_a9444ca7c10bb01d;C:\Users\brayn\.jdks\openjdk-19.0.2\bin\server;C:\Program Files\JetBrains\IntelliJ IDEA 2022.3.2\bin;C:\Java\javafx-sdk-19.0.2.1\bin;C:\WINDOWS\System32\DriverStore\FileRepository\iigd_dch.inf_amd64_7d6ad0397c5dc3fd;C:\Program Files\Common Files\Microsoft Shared\Ink;C:\Users\brayn\Downloads\mfz-rxtx-2.2-20081207-win-x64\mfz-rxtx-2.2-20081207-win-x64

VM Arguments:
jvm_args: --module-path=C:\Java\javafx-sdk-19.0.2.1/lib --add-modules=javafx.controls,javafx.fxml -Djava.library.path=C:\Users\brayn\Downloads\mfz-rxtx-2.2-20081207-win-x64\mfz-rxtx-2.2-20081207-win-x64 -javaagent:C:\Program Files\JetBrains\IntelliJ IDEA 2022.3.2\lib\idea_rt.jar=61266:C:\Program Files\JetBrains\IntelliJ IDEA 2022.3.2\bin -Dfile.encoding=UTF-8 -Dsun.stdout.encoding=UTF-8 -Dsun.stderr.encoding=UTF-8 
java_command: Main
java_class_path (initial): C:\Users\brayn\OneDrive\Desktop\Minesweeper\mineeswiper\out\production\mineeswiper;C:\Java\javafx-sdk-19.0.2.1\lib\javafx-swt.jar;C:\Java\javafx-sdk-19.0.2.1\lib\javafx.web.jar;C:\Java\javafx-sdk-19.0.2.1\lib\javafx.base.jar;C:\Java\javafx-sdk-19.0.2.1\lib\javafx.fxml.jar;C:\Java\javafx-sdk-19.0.2.1\lib\javafx.media.jar;C:\Java\javafx-sdk-19.0.2.1\lib\javafx.swing.jar;C:\Java\javafx-sdk-19.0.2.1\lib\javafx.controls.jar;C:\Java\javafx-sdk-19.0.2.1\lib\javafx.graphics.jar;C:\Users\brayn\Downloads\mfz-rxtx-2.2-20081207-win-x64\mfz-rxtx-2.2-20081207-win-x64\RXTXcomm.jar
Launcher Type: SUN_STANDARD

[Global flags]
     intx CICompilerCount                          = 4                                         {product} {ergonomic}
     uint ConcGCThreads                            = 2                                         {product} {ergonomic}
     uint G1ConcRefinementThreads                  = 8                                         {product} {ergonomic}
   size_t G1HeapRegionSize                         = 2097152                                   {product} {ergonomic}
    uintx GCDrainStackTargetSize                   = 64                                        {product} {ergonomic}
   size_t InitialHeapSize                          = 266338304                                 {product} {ergonomic}
   size_t MarkStackSize                            = 4194304                                   {product} {ergonomic}
   size_t MaxHeapSize                              = 4253024256                                {product} {ergonomic}
   size_t MaxNewSize                               = 2550136832                                {product} {ergonomic}
   size_t MinHeapDeltaBytes                        = 2097152                                   {product} {ergonomic}
   size_t MinHeapSize                              = 8388608                                   {product} {ergonomic}
    uintx NonNMethodCodeHeapSize                   = 5839372                                {pd product} {ergonomic}
    uintx NonProfiledCodeHeapSize                  = 122909434                              {pd product} {ergonomic}
    uintx ProfiledCodeHeapSize                     = 122909434                              {pd product} {ergonomic}
    uintx ReservedCodeCacheSize                    = 251658240                              {pd product} {ergonomic}
     bool SegmentedCodeCache                       = true                                      {product} {ergonomic}
   size_t SoftMaxHeapSize                          = 4253024256                             {manageable} {ergonomic}
     bool UseCompressedClassPointers               = true                           {product lp64_product} {ergonomic}
     bool UseCompressedOops                        = true                           {product lp64_product} {ergonomic}
     bool UseG1GC                                  = true                                      {product} {ergonomic}
     bool UseLargePagesIndividualAllocation        = false                                  {pd product} {ergonomic}

Logging:
Log output configuration:
 #0: stdout all=warning uptime,level,tags foldmultilines=false
 #1: stderr all=off uptime,level,tags foldmultilines=false

Environment Variables:
PATH=C:\Program Files (x86)\Common Files\Oracle\Java\javapath;C:\WINDOWS\system32;C:\WINDOWS;C:\WINDOWS\System32\Wbem;C:\WINDOWS\System32\WindowsPowerShell\v1.0\;C:\WINDOWS\System32\OpenSSH\;C:\Program Files\Git\cmd;C:\Program Files\NVIDIA Corporation\NVIDIA NvDLISR;C:\WINDOWS\system32;C:\WINDOWS;C:\WINDOWS\System32\Wbem;C:\WINDOWS\System32\WindowsPowerShell\v1.0\;C:\WINDOWS\System32\OpenSSH\;C:\Program Files (x86)\NVIDIA Corporation\PhysX\Common;C:\Users\brayn\AppData\Local\Microsoft\WindowsApps;C:\Users\brayn\AppData\Local\Programs\Microsoft VS Code\bin;C:\Users\brayn\AppData\Local\GitHubDesktop\bin;
USERNAME=brayn
OS=Windows_NT
PROCESSOR_IDENTIFIER=Intel64 Family 6 Model 158 Stepping 10, GenuineIntel
TMP=C:\Users\brayn\AppData\Local\Temp
TEMP=C:\Users\brayn\AppData\Local\Temp



---------------  S Y S T E M  ---------------

OS:
 Windows 11 , 64 bit Build 22621 (10.0.22621.1344)
OS uptime: 2 days 8:56 hours

CPU: total 8 (initial active 8) (4 cores per cpu, 2 threads per core) family 6 model 158 stepping 10 microcode 0xde, cx8, cmov, fxsr, ht, mmx, 3dnowpref, sse, sse2, sse3, ssse3, sse4.1, sse4.2, popcnt, lzcnt, tsc, tscinvbit, avx, avx2, aes, erms, clmul, bmi1, bmi2, adx, fma, vzeroupper, clflush, clflushopt, rdtscp

Memory: 4k page, system-wide physical 16221M (6594M free)
TotalPageFile size 18653M (AvailPageFile size 6252M)
current process WorkingSet (physical memory assigned to process): 157M, peak: 157M
current process commit charge ("private bytes"): 420M, peak: 420M

vm_info: OpenJDK 64-Bit Server VM (19.0.2+7-44) for windows-amd64 JRE (19.0.2+7-44), built on 2022-11-30T18:02:09Z by "mach5one" with MS VC++ 17.1 (VS2022)

END.
